<?xml version="1.0" encoding="UTF-8"?>
<coverage generated="1783262340622" clover="3.2.0">
  <project timestamp="1783262340622" name="All files">
    <metrics statements="606" coveredstatements="568" conditionals="282" coveredconditionals="247" methods="49" coveredmethods="38" elements="937" coveredelements="853" complexity="0" loc="606" ncloc="606" packages="4" files="8" classes="8"/>
    <package name="lib">
      <metrics statements="91" coveredstatements="85" conditionals="8" coveredconditionals="7" methods="20" coveredmethods="18"/>
      <file name="error.ts" path="/home/philip/Dokumente/Projects/eufy-security-ws/src/lib/error.ts">
        <metrics statements="59" coveredstatements="53" conditionals="2" coveredconditionals="2" methods="12" coveredmethods="10"/>
        <line num="1" count="1" type="cond" truecount="2" falsecount="0"/>
        <line num="2" count="1" type="stmt"/>
        <line num="3" count="1" type="stmt"/>
        <line num="4" count="1" type="stmt"/>
        <line num="5" count="1" type="stmt"/>
        <line num="6" count="1" type="stmt"/>
        <line num="7" count="1" type="stmt"/>
        <line num="8" count="1" type="stmt"/>
        <line num="9" count="1" type="stmt"/>
        <line num="10" count="1" type="stmt"/>
        <line num="11" count="1" type="stmt"/>
        <line num="12" count="1" type="stmt"/>
        <line num="13" count="1" type="stmt"/>
        <line num="14" count="1" type="stmt"/>
        <line num="15" count="1" type="stmt"/>
        <line num="16" count="1" type="stmt"/>
        <line num="17" count="1" type="stmt"/>
        <line num="18" count="1" type="stmt"/>
        <line num="19" count="1" type="stmt"/>
        <line num="20" count="1" type="stmt"/>
        <line num="21" count="1" type="stmt"/>
        <line num="22" count="1" type="stmt"/>
        <line num="23" count="1" type="stmt"/>
        <line num="24" count="1" type="stmt"/>
        <line num="25" count="1" type="stmt"/>
        <line num="26" count="1" type="stmt"/>
        <line num="36" count="0" type="stmt"/>
        <line num="38" count="0" type="stmt"/>
        <line num="39" count="0" type="stmt"/>
        <line num="44" count="30" type="stmt"/>
        <line num="46" count="30" type="stmt"/>
        <line num="47" count="30" type="stmt"/>
        <line num="52" count="0" type="stmt"/>
        <line num="54" count="0" type="stmt"/>
        <line num="55" count="0" type="stmt"/>
        <line num="61" count="1" type="stmt"/>
        <line num="62" count="1" type="stmt"/>
        <line num="63" count="1" type="stmt"/>
        <line num="69" count="2" type="stmt"/>
        <line num="70" count="2" type="stmt"/>
        <line num="71" count="2" type="stmt"/>
        <line num="77" count="1" type="stmt"/>
        <line num="78" count="1" type="stmt"/>
        <line num="79" count="1" type="stmt"/>
        <line num="85" count="2" type="stmt"/>
        <line num="86" count="2" type="stmt"/>
        <line num="87" count="2" type="stmt"/>
        <line num="93" count="1" type="stmt"/>
        <line num="94" count="1" type="stmt"/>
        <line num="95" count="1" type="stmt"/>
        <line num="101" count="1" type="stmt"/>
        <line num="102" count="1" type="stmt"/>
        <line num="103" count="1" type="stmt"/>
        <line num="109" count="4" type="stmt"/>
        <line num="110" count="4" type="stmt"/>
        <line num="111" count="4" type="stmt"/>
        <line num="117" count="1" type="stmt"/>
        <line num="118" count="1" type="stmt"/>
        <line num="119" count="1" type="stmt"/>
      </file>
      <file name="utils.ts" path="/home/philip/Dokumente/Projects/eufy-security-ws/src/lib/utils.ts">
        <metrics statements="32" coveredstatements="32" conditionals="6" coveredconditionals="5" methods="8" coveredmethods="8"/>
        <line num="4" count="2" type="stmt"/>
        <line num="5" count="14" type="cond" truecount="2" falsecount="0"/>
        <line num="7" count="18" type="cond" truecount="2" falsecount="0"/>
        <line num="12" count="2" type="stmt"/>
        <line num="17" count="8" type="stmt"/>
        <line num="18" count="8" type="stmt"/>
        <line num="20" count="8" type="stmt"/>
        <line num="22" count="4" type="stmt"/>
        <line num="23" count="4" type="stmt"/>
        <line num="25" count="8" type="stmt"/>
        <line num="26" count="2" type="stmt"/>
        <line num="27" count="2" type="stmt"/>
        <line num="29" count="8" type="stmt"/>
        <line num="30" count="8" type="stmt"/>
        <line num="32" count="8" type="cond" truecount="0" falsecount="1"/>
        <line num="33" count="8" type="cond" truecount="1" falsecount="0"/>
        <line num="34" count="3" type="stmt"/>
        <line num="35" count="3" type="stmt"/>
        <line num="36" count="3" type="stmt"/>
        <line num="37" count="3" type="stmt"/>
        <line num="43" count="2" type="stmt"/>
        <line num="44" count="1" type="stmt"/>
        <line num="45" count="1" type="stmt"/>
        <line num="46" count="1" type="stmt"/>
        <line num="47" count="1" type="stmt"/>
        <line num="48" count="1" type="stmt"/>
        <line num="49" count="1" type="stmt"/>
        <line num="50" count="1" type="stmt"/>
        <line num="51" count="1" type="stmt"/>
        <line num="52" count="1" type="stmt"/>
        <line num="53" count="1" type="stmt"/>
        <line num="54" count="1" type="stmt"/>
      </file>
    </package>
    <package name="lib.device">
      <metrics statements="440" coveredstatements="408" conditionals="266" coveredconditionals="232" methods="25" coveredmethods="16"/>
      <file name="command.ts" path="/home/philip/Dokumente/Projects/eufy-security-ws/src/lib/device/command.ts">
        <metrics statements="52" coveredstatements="52" conditionals="2" coveredconditionals="2" methods="1" coveredmethods="1"/>
        <line num="1" count="1" type="cond" truecount="2" falsecount="0"/>
        <line num="2" count="1" type="stmt"/>
        <line num="3" count="1" type="stmt"/>
        <line num="4" count="1" type="stmt"/>
        <line num="5" count="1" type="stmt"/>
        <line num="6" count="1" type="stmt"/>
        <line num="7" count="1" type="stmt"/>
        <line num="8" count="1" type="stmt"/>
        <line num="9" count="1" type="stmt"/>
        <line num="10" count="1" type="stmt"/>
        <line num="11" count="1" type="stmt"/>
        <line num="12" count="1" type="stmt"/>
        <line num="13" count="1" type="stmt"/>
        <line num="14" count="1" type="stmt"/>
        <line num="15" count="1" type="stmt"/>
        <line num="16" count="1" type="stmt"/>
        <line num="17" count="1" type="stmt"/>
        <line num="18" count="1" type="stmt"/>
        <line num="19" count="1" type="stmt"/>
        <line num="20" count="1" type="stmt"/>
        <line num="21" count="1" type="stmt"/>
        <line num="22" count="1" type="stmt"/>
        <line num="23" count="1" type="stmt"/>
        <line num="24" count="1" type="stmt"/>
        <line num="25" count="1" type="stmt"/>
        <line num="26" count="1" type="stmt"/>
        <line num="27" count="1" type="stmt"/>
        <line num="28" count="1" type="stmt"/>
        <line num="29" count="1" type="stmt"/>
        <line num="30" count="1" type="stmt"/>
        <line num="31" count="1" type="stmt"/>
        <line num="32" count="1" type="stmt"/>
        <line num="33" count="1" type="stmt"/>
        <line num="34" count="1" type="stmt"/>
        <line num="35" count="1" type="stmt"/>
        <line num="36" count="1" type="stmt"/>
        <line num="37" count="1" type="stmt"/>
        <line num="38" count="1" type="stmt"/>
        <line num="39" count="1" type="stmt"/>
        <line num="40" count="1" type="stmt"/>
        <line num="41" count="1" type="stmt"/>
        <line num="42" count="1" type="stmt"/>
        <line num="45" count="1" type="stmt"/>
        <line num="46" count="1" type="stmt"/>
        <line num="47" count="1" type="stmt"/>
        <line num="48" count="1" type="stmt"/>
        <line num="49" count="1" type="stmt"/>
        <line num="50" count="1" type="stmt"/>
        <line num="51" count="1" type="stmt"/>
        <line num="52" count="1" type="stmt"/>
        <line num="53" count="1" type="stmt"/>
        <line num="54" count="1" type="stmt"/>
      </file>
      <file name="event.ts" path="/home/philip/Dokumente/Projects/eufy-security-ws/src/lib/device/event.ts">
        <metrics statements="56" coveredstatements="56" conditionals="2" coveredconditionals="2" methods="1" coveredmethods="1"/>
        <line num="10" count="1" type="cond" truecount="2" falsecount="0"/>
        <line num="11" count="1" type="stmt"/>
        <line num="12" count="1" type="stmt"/>
        <line num="13" count="1" type="stmt"/>
        <line num="14" count="1" type="stmt"/>
        <line num="15" count="1" type="stmt"/>
        <line num="16" count="1" type="stmt"/>
        <line num="17" count="1" type="stmt"/>
        <line num="18" count="1" type="stmt"/>
        <line num="19" count="1" type="stmt"/>
        <line num="20" count="1" type="stmt"/>
        <line num="21" count="1" type="stmt"/>
        <line num="22" count="1" type="stmt"/>
        <line num="23" count="1" type="stmt"/>
        <line num="24" count="1" type="stmt"/>
        <line num="25" count="1" type="stmt"/>
        <line num="26" count="1" type="stmt"/>
        <line num="27" count="1" type="stmt"/>
        <line num="28" count="1" type="stmt"/>
        <line num="29" count="1" type="stmt"/>
        <line num="30" count="1" type="stmt"/>
        <line num="31" count="1" type="stmt"/>
        <line num="32" count="1" type="stmt"/>
        <line num="33" count="1" type="stmt"/>
        <line num="34" count="1" type="stmt"/>
        <line num="35" count="1" type="stmt"/>
        <line num="36" count="1" type="stmt"/>
        <line num="37" count="1" type="stmt"/>
        <line num="38" count="1" type="stmt"/>
        <line num="39" count="1" type="stmt"/>
        <line num="40" count="1" type="stmt"/>
        <line num="41" count="1" type="stmt"/>
        <line num="42" count="1" type="stmt"/>
        <line num="43" count="1" type="stmt"/>
        <line num="44" count="1" type="stmt"/>
        <line num="45" count="1" type="stmt"/>
        <line num="46" count="1" type="stmt"/>
        <line num="47" count="1" type="stmt"/>
        <line num="48" count="1" type="stmt"/>
        <line num="49" count="1" type="stmt"/>
        <line num="50" count="1" type="stmt"/>
        <line num="51" count="1" type="stmt"/>
        <line num="52" count="1" type="stmt"/>
        <line num="53" count="1" type="stmt"/>
        <line num="54" count="1" type="stmt"/>
        <line num="55" count="1" type="stmt"/>
        <line num="56" count="1" type="stmt"/>
        <line num="57" count="1" type="stmt"/>
        <line num="58" count="1" type="stmt"/>
        <line num="59" count="1" type="stmt"/>
        <line num="60" count="1" type="stmt"/>
        <line num="61" count="1" type="stmt"/>
        <line num="62" count="1" type="stmt"/>
        <line num="63" count="1" type="stmt"/>
        <line num="64" count="1" type="stmt"/>
        <line num="65" count="1" type="stmt"/>
      </file>
      <file name="message_handler.ts" path="/home/philip/Dokumente/Projects/eufy-security-ws/src/lib/device/message_handler.ts">
        <metrics statements="332" coveredstatements="300" conditionals="262" coveredconditionals="228" methods="23" coveredmethods="14"/>
        <line num="60" count="1" type="stmt"/>
        <line num="61" count="1" type="stmt"/>
        <line num="62" count="1" type="stmt"/>
        <line num="66" count="8" type="cond" truecount="1" falsecount="0"/>
        <line num="67" count="6" type="stmt"/>
        <line num="68" count="2" type="stmt"/>
        <line num="72" count="4" type="cond" truecount="1" falsecount="0"/>
        <line num="73" count="3" type="stmt"/>
        <line num="75" count="4" type="stmt"/>
        <line num="80" count="12" type="cond" truecount="2" falsecount="0"/>
        <line num="84" count="2" type="stmt"/>
        <line num="85" count="10" type="cond" truecount="1" falsecount="0"/>
        <line num="86" count="9" type="stmt"/>
        <line num="90" count="6" type="cond" truecount="1" falsecount="0"/>
        <line num="91" count="5" type="stmt"/>
        <line num="92" count="1" type="stmt"/>
        <line num="96" count="2" type="cond" truecount="1" falsecount="0"/>
        <line num="97" count="2" type="stmt"/>
        <line num="99" count="2" type="stmt"/>
        <line num="104" count="6" type="cond" truecount="1" falsecount="1"/>
        <line num="108" count="0" type="stmt"/>
        <line num="109" count="6" type="cond" truecount="1" falsecount="0"/>
        <line num="110" count="5" type="stmt"/>
        <line num="114" count="6" type="cond" truecount="1" falsecount="0"/>
        <line num="115" count="5" type="stmt"/>
        <line num="116" count="1" type="stmt"/>
        <line num="120" count="2" type="cond" truecount="1" falsecount="0"/>
        <line num="121" count="2" type="stmt"/>
        <line num="123" count="2" type="stmt"/>
        <line num="128" count="7" type="cond" truecount="1" falsecount="1"/>
        <line num="132" count="0" type="stmt"/>
        <line num="133" count="7" type="cond" truecount="1" falsecount="0"/>
        <line num="134" count="6" type="stmt"/>
        <line num="142" count="106" type="stmt"/>
        <line num="144" count="106" type="stmt"/>
        <line num="145" count="106" type="stmt"/>
        <line num="147" count="106" type="cond" truecount="52" falsecount="0"/>
        <line num="149" count="2" type="cond" truecount="2" falsecount="0"/>
        <line num="150" count="1" type="stmt"/>
        <line num="154" count="1" type="stmt"/>
        <line num="156" count="1" type="stmt"/>
        <line num="159" count="2" type="cond" truecount="2" falsecount="0"/>
        <line num="160" count="1" type="stmt"/>
        <line num="164" count="1" type="stmt"/>
        <line num="166" count="1" type="stmt"/>
        <line num="169" count="2" type="cond" truecount="2" falsecount="0"/>
        <line num="170" count="1" type="stmt"/>
        <line num="174" count="1" type="stmt"/>
        <line num="176" count="1" type="stmt"/>
        <line num="179" count="2" type="cond" truecount="2" falsecount="0"/>
        <line num="180" count="1" type="stmt"/>
        <line num="184" count="1" type="stmt"/>
        <line num="186" count="1" type="stmt"/>
        <line num="189" count="2" type="cond" truecount="2" falsecount="0"/>
        <line num="190" count="1" type="stmt"/>
        <line num="194" count="1" type="stmt"/>
        <line num="196" count="1" type="stmt"/>
        <line num="199" count="2" type="cond" truecount="2" falsecount="0"/>
        <line num="200" count="1" type="stmt"/>
        <line num="204" count="1" type="stmt"/>
        <line num="206" count="1" type="stmt"/>
        <line num="209" count="2" type="cond" truecount="2" falsecount="0"/>
        <line num="210" count="1" type="stmt"/>
        <line num="214" count="1" type="stmt"/>
        <line num="216" count="1" type="stmt"/>
        <line num="219" count="2" type="cond" truecount="2" falsecount="0"/>
        <line num="220" count="1" type="stmt"/>
        <line num="224" count="1" type="stmt"/>
        <line num="226" count="1" type="stmt"/>
        <line num="229" count="2" type="cond" truecount="2" falsecount="0"/>
        <line num="230" count="1" type="stmt"/>
        <line num="234" count="1" type="stmt"/>
        <line num="236" count="1" type="stmt"/>
        <line num="239" count="2" type="cond" truecount="2" falsecount="0"/>
        <line num="240" count="1" type="stmt"/>
        <line num="244" count="1" type="stmt"/>
        <line num="246" count="1" type="stmt"/>
        <line num="249" count="3" type="stmt"/>
        <line num="251" count="3" type="cond" truecount="2" falsecount="0"/>
        <line num="252" count="1" type="stmt"/>
        <line num="253" count="2" type="cond" truecount="4" falsecount="0"/>
        <line num="254" count="1" type="stmt"/>
        <line num="259" count="1" type="stmt"/>
        <line num="269" count="3" type="stmt"/>
        <line num="271" count="3" type="cond" truecount="2" falsecount="0"/>
        <line num="272" count="1" type="stmt"/>
        <line num="273" count="2" type="cond" truecount="4" falsecount="0"/>
        <line num="274" count="1" type="stmt"/>
        <line num="279" count="1" type="stmt"/>
        <line num="289" count="2" type="stmt"/>
        <line num="296" count="0" type="stmt"/>
        <line num="298" count="2" type="cond" truecount="2" falsecount="0"/>
        <line num="300" count="5" type="cond" truecount="2" falsecount="0"/>
        <line num="301" count="4" type="cond" truecount="2" falsecount="0"/>
        <line num="302" count="2" type="stmt"/>
        <line num="303" count="2" type="stmt"/>
        <line num="304" count="2" type="stmt"/>
        <line num="308" count="2" type="cond" truecount="2" falsecount="0"/>
        <line num="310" count="1" type="stmt"/>
        <line num="315" count="1" type="stmt"/>
        <line num="316" count="1" type="stmt"/>
        <line num="321" count="1" type="stmt"/>
        <line num="325" count="3" type="cond" truecount="2" falsecount="0"/>
        <line num="327" count="1" type="stmt"/>
        <line num="330" count="5" type="cond" truecount="2" falsecount="0"/>
        <line num="331" count="4" type="cond" truecount="1" falsecount="0"/>
        <line num="332" count="1" type="stmt"/>
        <line num="336" count="3" type="cond" truecount="1" falsecount="0"/>
        <line num="337" count="1" type="stmt"/>
        <line num="341" count="2" type="cond" truecount="1" falsecount="0"/>
        <line num="348" count="2" type="cond" truecount="2" falsecount="0"/>
        <line num="352" count="1" type="stmt"/>
        <line num="356" count="1" type="stmt"/>
        <line num="358" count="1" type="stmt"/>
        <line num="359" count="1" type="stmt"/>
        <line num="363" count="1" type="stmt"/>
        <line num="370" count="2" type="cond" truecount="1" falsecount="1"/>
        <line num="372" count="1" type="stmt"/>
        <line num="375" count="3" type="cond" truecount="2" falsecount="0"/>
        <line num="376" count="2" type="stmt"/>
        <line num="378" count="2" type="cond" truecount="4" falsecount="0"/>
        <line num="379" count="1" type="stmt"/>
        <line num="380" count="1" type="cond" truecount="1" falsecount="0"/>
        <line num="381" count="1" type="stmt"/>
        <line num="387" count="1" type="stmt"/>
        <line num="391" count="2" type="cond" truecount="2" falsecount="0"/>
        <line num="392" count="1" type="stmt"/>
        <line num="396" count="1" type="cond" truecount="1" falsecount="1"/>
        <line num="398" count="1" type="stmt"/>
        <line num="401" count="1" type="cond" truecount="1" falsecount="1"/>
        <line num="402" count="1" type="stmt"/>
        <line num="403" count="1" type="cond" truecount="1" falsecount="1"/>
        <line num="405" count="0" type="stmt"/>
        <line num="408" count="1" type="cond" truecount="1" falsecount="1"/>
        <line num="409" count="1" type="stmt"/>
        <line num="413" count="1" type="cond" truecount="1" falsecount="1"/>
        <line num="415" count="0" type="stmt"/>
        <line num="418" count="1" type="cond" truecount="1" falsecount="1"/>
        <line num="419" count="1" type="stmt"/>
        <line num="423" count="1" type="cond" truecount="1" falsecount="1"/>
        <line num="425" count="0" type="stmt"/>
        <line num="428" count="4" type="cond" truecount="2" falsecount="0"/>
        <line num="429" count="3" type="cond" truecount="2" falsecount="0"/>
        <line num="430" count="1" type="stmt"/>
        <line num="437" count="0" type="stmt"/>
        <line num="439" count="1" type="stmt"/>
        <line num="440" count="1" type="stmt"/>
        <line num="444" count="2" type="cond" truecount="2" falsecount="0"/>
        <line num="445" count="1" type="stmt"/>
        <line num="449" count="1" type="stmt"/>
        <line num="453" count="1" type="cond" truecount="1" falsecount="1"/>
        <line num="455" count="1" type="stmt"/>
        <line num="458" count="4" type="cond" truecount="2" falsecount="0"/>
        <line num="459" count="3" type="cond" truecount="1" falsecount="0"/>
        <line num="460" count="1" type="stmt"/>
        <line num="464" count="2" type="cond" truecount="1" falsecount="0"/>
        <line num="465" count="1" type="stmt"/>
        <line num="469" count="1" type="cond" truecount="1" falsecount="0"/>
        <line num="476" count="1" type="cond" truecount="1" falsecount="0"/>
        <line num="480" count="1" type="stmt"/>
        <line num="484" count="1" type="stmt"/>
        <line num="487" count="1" type="cond" truecount="1" falsecount="1"/>
        <line num="489" count="1" type="stmt"/>
        <line num="492" count="2" type="cond" truecount="2" falsecount="0"/>
        <line num="493" count="1" type="stmt"/>
        <line num="494" count="1" type="stmt"/>
        <line num="499" count="1" type="stmt"/>
        <line num="503" count="2" type="cond" truecount="2" falsecount="0"/>
        <line num="504" count="1" type="stmt"/>
        <line num="508" count="0" type="stmt"/>
        <line num="511" count="1" type="cond" truecount="1" falsecount="1"/>
        <line num="512" count="0" type="stmt"/>
        <line num="516" count="1" type="cond" truecount="1" falsecount="0"/>
        <line num="517" count="1" type="stmt"/>
        <line num="523" count="1" type="stmt"/>
        <line num="526" count="3" type="cond" truecount="2" falsecount="0"/>
        <line num="527" count="2" type="stmt"/>
        <line num="531" count="2" type="cond" truecount="2" falsecount="0"/>
        <line num="532" count="1" type="stmt"/>
        <line num="533" count="1" type="cond" truecount="1" falsecount="0"/>
        <line num="534" count="1" type="stmt"/>
        <line num="540" count="1" type="stmt"/>
        <line num="544" count="1" type="cond" truecount="1" falsecount="1"/>
        <line num="545" count="1" type="stmt"/>
        <line num="549" count="1" type="cond" truecount="1" falsecount="1"/>
        <line num="550" count="0" type="stmt"/>
        <line num="551" count="1" type="cond" truecount="1" falsecount="0"/>
        <line num="552" count="1" type="stmt"/>
        <line num="558" count="0" type="stmt"/>
        <line num="562" count="2" type="cond" truecount="1" falsecount="1"/>
        <line num="563" count="2" type="stmt"/>
        <line num="565" count="2" type="stmt"/>
        <line num="566" count="2" type="stmt"/>
        <line num="567" count="4" type="stmt"/>
        <line num="572" count="2" type="cond" truecount="2" falsecount="0"/>
        <line num="573" count="1" type="stmt"/>
        <line num="574" count="1" type="cond" truecount="1" falsecount="0"/>
        <line num="575" count="1" type="stmt"/>
        <line num="581" count="0" type="stmt"/>
        <line num="585" count="2" type="cond" truecount="2" falsecount="0"/>
        <line num="586" count="1" type="stmt"/>
        <line num="587" count="1" type="stmt"/>
        <line num="589" count="1" type="stmt"/>
        <line num="592" count="1" type="cond" truecount="1" falsecount="1"/>
        <line num="593" count="1" type="stmt"/>
        <line num="594" count="1" type="stmt"/>
        <line num="596" count="0" type="stmt"/>
        <line num="599" count="1" type="cond" truecount="1" falsecount="1"/>
        <line num="600" count="1" type="stmt"/>
        <line num="601" count="1" type="stmt"/>
        <line num="606" count="0" type="stmt"/>
        <line num="610" count="2" type="cond" truecount="2" falsecount="0"/>
        <line num="611" count="1" type="stmt"/>
        <line num="612" count="1" type="cond" truecount="1" falsecount="1"/>
        <line num="614" count="1" type="stmt"/>
        <line num="617" count="1" type="cond" truecount="1" falsecount="1"/>
        <line num="618" count="1" type="stmt"/>
        <line num="619" count="1" type="cond" truecount="1" falsecount="1"/>
        <line num="621" count="0" type="stmt"/>
        <line num="624" count="1" type="cond" truecount="1" falsecount="1"/>
        <line num="625" count="1" type="stmt"/>
        <line num="626" count="1" type="cond" truecount="1" falsecount="1"/>
        <line num="628" count="0" type="stmt"/>
        <line num="631" count="1" type="cond" truecount="1" falsecount="1"/>
        <line num="632" count="1" type="stmt"/>
        <line num="633" count="1" type="cond" truecount="1" falsecount="1"/>
        <line num="635" count="0" type="stmt"/>
        <line num="638" count="2" type="cond" truecount="2" falsecount="0"/>
        <line num="639" count="1" type="stmt"/>
        <line num="640" count="1" type="stmt"/>
        <line num="642" count="1" type="stmt"/>
        <line num="645" count="4" type="cond" truecount="2" falsecount="0"/>
        <line num="646" count="3" type="cond" truecount="2" falsecount="0"/>
        <line num="647" count="1" type="stmt"/>
        <line num="648" count="1" type="stmt"/>
        <line num="649" count="1" type="stmt"/>
        <line num="653" count="2" type="cond" truecount="2" falsecount="0"/>
        <line num="654" count="1" type="stmt"/>
        <line num="658" count="1" type="stmt"/>
        <line num="662" count="1" type="stmt"/>
        <line num="664" count="1" type="stmt"/>
        <line num="667" count="4" type="cond" truecount="2" falsecount="0"/>
        <line num="668" count="3" type="cond" truecount="1" falsecount="0"/>
        <line num="669" count="1" type="stmt"/>
        <line num="673" count="2" type="cond" truecount="1" falsecount="0"/>
        <line num="674" count="1" type="stmt"/>
        <line num="678" count="1" type="cond" truecount="1" falsecount="0"/>
        <line num="685" count="1" type="cond" truecount="1" falsecount="0"/>
        <line num="689" count="1" type="stmt"/>
        <line num="690" count="1" type="stmt"/>
        <line num="691" count="1" type="stmt"/>
        <line num="695" count="1" type="stmt"/>
        <line num="698" count="1" type="stmt"/>
        <line num="700" count="1" type="stmt"/>
        <line num="703" count="2" type="cond" truecount="2" falsecount="0"/>
        <line num="704" count="1" type="stmt"/>
        <line num="705" count="1" type="stmt"/>
        <line num="710" count="1" type="stmt"/>
        <line num="714" count="4" type="cond" truecount="2" falsecount="0"/>
        <line num="715" count="3" type="cond" truecount="1" falsecount="0"/>
        <line num="716" count="1" type="stmt"/>
        <line num="720" count="2" type="cond" truecount="1" falsecount="0"/>
        <line num="721" count="1" type="stmt"/>
        <line num="725" count="1" type="cond" truecount="1" falsecount="0"/>
        <line num="732" count="1" type="stmt"/>
        <line num="735" count="1" type="stmt"/>
        <line num="737" count="1" type="stmt"/>
        <line num="739" count="1" type="stmt"/>
        <line num="742" count="2" type="cond" truecount="2" falsecount="0"/>
        <line num="743" count="1" type="stmt"/>
        <line num="751" count="1" type="stmt"/>
        <line num="753" count="1" type="stmt"/>
        <line num="756" count="1" type="cond" truecount="1" falsecount="1"/>
        <line num="757" count="1" type="stmt"/>
        <line num="758" count="1" type="stmt"/>
        <line num="766" count="0" type="stmt"/>
        <line num="768" count="1" type="stmt"/>
        <line num="770" count="0" type="stmt"/>
        <line num="773" count="1" type="cond" truecount="1" falsecount="1"/>
        <line num="774" count="1" type="stmt"/>
        <line num="775" count="1" type="stmt"/>
        <line num="778" count="0" type="stmt"/>
        <line num="780" count="1" type="stmt"/>
        <line num="782" count="0" type="stmt"/>
        <line num="785" count="2" type="cond" truecount="1" falsecount="1"/>
        <line num="786" count="2" type="stmt"/>
        <line num="790" count="0" type="stmt"/>
        <line num="792" count="2" type="cond" truecount="2" falsecount="0"/>
        <line num="794" count="0" type="stmt"/>
        <line num="797" count="1" type="cond" truecount="1" falsecount="1"/>
        <line num="798" count="1" type="stmt"/>
        <line num="799" count="1" type="stmt"/>
        <line num="806" count="0" type="stmt"/>
        <line num="808" count="1" type="stmt"/>
        <line num="810" count="0" type="stmt"/>
        <line num="813" count="1" type="cond" truecount="1" falsecount="1"/>
        <line num="814" count="1" type="stmt"/>
        <line num="815" count="1" type="stmt"/>
        <line num="822" count="0" type="stmt"/>
        <line num="824" count="1" type="stmt"/>
        <line num="826" count="0" type="stmt"/>
        <line num="829" count="1" type="cond" truecount="1" falsecount="1"/>
        <line num="830" count="1" type="stmt"/>
        <line num="831" count="1" type="stmt"/>
        <line num="838" count="0" type="stmt"/>
        <line num="840" count="1" type="stmt"/>
        <line num="842" count="0" type="stmt"/>
        <line num="845" count="1" type="cond" truecount="1" falsecount="1"/>
        <line num="846" count="1" type="stmt"/>
        <line num="847" count="1" type="stmt"/>
        <line num="848" count="1" type="stmt"/>
        <line num="850" count="0" type="stmt"/>
        <line num="853" count="2" type="cond" truecount="2" falsecount="0"/>
        <line num="854" count="1" type="stmt"/>
        <line num="855" count="1" type="stmt"/>
        <line num="856" count="1" type="stmt"/>
        <line num="858" count="1" type="stmt"/>
        <line num="861" count="1" type="cond" truecount="1" falsecount="1"/>
        <line num="863" count="1" type="stmt"/>
        <line num="864" count="1" type="stmt"/>
        <line num="865" count="1" type="stmt"/>
        <line num="867" count="0" type="stmt"/>
        <line num="870" count="1" type="cond" truecount="1" falsecount="1"/>
        <line num="872" count="1" type="stmt"/>
        <line num="873" count="1" type="stmt"/>
        <line num="874" count="1" type="stmt"/>
        <line num="876" count="0" type="stmt"/>
        <line num="879" count="2" type="cond" truecount="2" falsecount="0"/>
        <line num="880" count="1" type="stmt"/>
        <line num="881" count="1" type="stmt"/>
        <line num="883" count="1" type="stmt"/>
        <line num="886" count="1" type="stmt"/>
      </file>
    </package>
    <package name="lib.driver">
      <metrics statements="7" coveredstatements="7" conditionals="1" coveredconditionals="1" methods="1" coveredmethods="1"/>
      <file name="state.ts" path="/home/philip/Dokumente/Projects/eufy-security-ws/src/lib/driver/state.ts">
        <metrics statements="7" coveredstatements="7" conditionals="1" coveredconditionals="1" methods="1" coveredmethods="1"/>
        <line num="18" count="1" type="stmt"/>
        <line num="22" count="20" type="stmt"/>
        <line num="28" count="20" type="cond" truecount="1" falsecount="0"/>
        <line num="29" count="10" type="stmt"/>
        <line num="33" count="10" type="stmt"/>
        <line num="34" count="10" type="stmt"/>
        <line num="36" count="10" type="stmt"/>
      </file>
    </package>
    <package name="lib.station">
      <metrics statements="68" coveredstatements="68" conditionals="7" coveredconditionals="7" methods="3" coveredmethods="3"/>
      <file name="properties.ts" path="/home/philip/Dokumente/Projects/eufy-security-ws/src/lib/station/properties.ts">
        <metrics statements="43" coveredstatements="43" conditionals="4" coveredconditionals="4" methods="2" coveredmethods="2"/>
        <line num="66" count="1" type="stmt"/>
        <line num="70" count="23" type="stmt"/>
        <line num="149" count="23" type="cond" truecount="1" falsecount="0"/>
        <line num="150" count="11" type="stmt"/>
        <line num="153" count="12" type="stmt"/>
        <line num="154" count="12" type="stmt"/>
        <line num="157" count="12" type="stmt"/>
        <line num="160" count="12" type="stmt"/>
        <line num="163" count="12" type="stmt"/>
        <line num="166" count="12" type="stmt"/>
        <line num="169" count="12" type="stmt"/>
        <line num="173" count="12" type="cond" truecount="1" falsecount="0"/>
        <line num="174" count="6" type="stmt"/>
        <line num="178" count="6" type="stmt"/>
        <line num="179" count="6" type="stmt"/>
        <line num="182" count="6" type="stmt"/>
        <line num="185" count="6" type="stmt"/>
        <line num="188" count="6" type="stmt"/>
        <line num="191" count="6" type="stmt"/>
        <line num="194" count="6" type="stmt"/>
        <line num="197" count="6" type="stmt"/>
        <line num="201" count="6" type="stmt"/>
        <line num="204" count="1" type="stmt"/>
        <line num="208" count="18" type="stmt"/>
        <line num="209" count="18" type="stmt"/>
        <line num="250" count="18" type="cond" truecount="1" falsecount="0"/>
        <line num="251" count="8" type="stmt"/>
        <line num="254" count="10" type="stmt"/>
        <line num="255" count="10" type="stmt"/>
        <line num="256" count="10" type="stmt"/>
        <line num="257" count="10" type="stmt"/>
        <line num="258" count="10" type="stmt"/>
        <line num="259" count="10" type="stmt"/>
        <line num="261" count="10" type="cond" truecount="1" falsecount="0"/>
        <line num="262" count="6" type="stmt"/>
        <line num="266" count="4" type="stmt"/>
        <line num="267" count="4" type="stmt"/>
        <line num="268" count="4" type="stmt"/>
        <line num="270" count="4" type="stmt"/>
        <line num="272" count="4" type="stmt"/>
        <line num="274" count="4" type="stmt"/>
        <line num="276" count="4" type="stmt"/>
        <line num="279" count="4" type="stmt"/>
      </file>
      <file name="state.ts" path="/home/philip/Dokumente/Projects/eufy-security-ws/src/lib/station/state.ts">
        <metrics statements="25" coveredstatements="25" conditionals="3" coveredconditionals="3" methods="1" coveredmethods="1"/>
        <line num="55" count="1" type="stmt"/>
        <line num="59" count="21" type="stmt"/>
        <line num="84" count="21" type="cond" truecount="1" falsecount="0"/>
        <line num="85" count="5" type="stmt"/>
        <line num="88" count="16" type="stmt"/>
        <line num="89" count="16" type="stmt"/>
        <line num="90" count="16" type="cond" truecount="1" falsecount="0"/>
        <line num="91" count="4" type="stmt"/>
        <line num="94" count="12" type="stmt"/>
        <line num="95" count="12" type="stmt"/>
        <line num="98" count="12" type="stmt"/>
        <line num="101" count="12" type="stmt"/>
        <line num="104" count="12" type="stmt"/>
        <line num="107" count="12" type="stmt"/>
        <line num="110" count="12" type="stmt"/>
        <line num="113" count="12" type="stmt"/>
        <line num="116" count="12" type="stmt"/>
        <line num="119" count="12" type="stmt"/>
        <line num="122" count="12" type="cond" truecount="1" falsecount="0"/>
        <line num="123" count="4" type="stmt"/>
        <line num="127" count="8" type="stmt"/>
        <line num="128" count="8" type="stmt"/>
        <line num="131" count="8" type="stmt"/>
        <line num="134" count="8" type="stmt"/>
        <line num="138" count="8" type="stmt"/>
      </file>
    </package>
  </project>
</coverage>
