{"/home/philip/Dokumente/Projects/eufy-security-ws/src/lib/error.ts": {"path":"/home/philip/Dokumente/Projects/eufy-security-ws/src/lib/error.ts","statementMap":{"0":{"start":{"line":1,"column":0},"end":{"line":1,"column":null}},"1":{"start":{"line":2,"column":2},"end":{"line":2,"column":null}},"2":{"start":{"line":3,"column":2},"end":{"line":3,"column":null}},"3":{"start":{"line":4,"column":2},"end":{"line":4,"column":null}},"4":{"start":{"line":5,"column":2},"end":{"line":5,"column":null}},"5":{"start":{"line":6,"column":2},"end":{"line":6,"column":null}},"6":{"start":{"line":7,"column":2},"end":{"line":7,"column":null}},"7":{"start":{"line":8,"column":2},"end":{"line":8,"column":null}},"8":{"start":{"line":9,"column":2},"end":{"line":9,"column":null}},"9":{"start":{"line":10,"column":2},"end":{"line":10,"column":null}},"10":{"start":{"line":11,"column":2},"end":{"line":11,"column":null}},"11":{"start":{"line":12,"column":2},"end":{"line":12,"column":null}},"12":{"start":{"line":13,"column":2},"end":{"line":13,"column":null}},"13":{"start":{"line":14,"column":2},"end":{"line":14,"column":null}},"14":{"start":{"line":15,"column":2},"end":{"line":15,"column":null}},"15":{"start":{"line":16,"column":2},"end":{"line":16,"column":null}},"16":{"start":{"line":17,"column":2},"end":{"line":17,"column":null}},"17":{"start":{"line":18,"column":2},"end":{"line":18,"column":null}},"18":{"start":{"line":19,"column":2},"end":{"line":19,"column":null}},"19":{"start":{"line":20,"column":2},"end":{"line":20,"column":null}},"20":{"start":{"line":21,"column":2},"end":{"line":21,"column":null}},"21":{"start":{"line":22,"column":2},"end":{"line":22,"column":null}},"22":{"start":{"line":23,"column":2},"end":{"line":23,"column":null}},"23":{"start":{"line":24,"column":2},"end":{"line":24,"column":null}},"24":{"start":{"line":25,"column":2},"end":{"line":25,"column":null}},"25":{"start":{"line":26,"column":2},"end":{"line":26,"column":null}},"26":{"start":{"line":36,"column":14},"end":{"line":36,"column":36}},"27":{"start":{"line":39,"column":4},"end":{"line":39,"column":12}},"28":{"start":{"line":38,"column":21},"end":{"line":38,"column":33}},"29":{"start":{"line":44,"column":14},"end":{"line":44,"column":38}},"30":{"start":{"line":47,"column":4},"end":{"line":47,"column":12}},"31":{"start":{"line":46,"column":21},"end":{"line":46,"column":36}},"32":{"start":{"line":52,"column":14},"end":{"line":52,"column":42}},"33":{"start":{"line":55,"column":4},"end":{"line":55,"column":12}},"34":{"start":{"line":54,"column":21},"end":{"line":54,"column":37}},"35":{"start":{"line":61,"column":4},"end":{"line":61,"column":19}},"36":{"start":{"line":62,"column":4},"end":{"line":62,"column":54}},"37":{"start":{"line":63,"column":4},"end":{"line":63,"column":51}},"38":{"start":{"line":69,"column":4},"end":{"line":69,"column":19}},"39":{"start":{"line":70,"column":4},"end":{"line":70,"column":54}},"40":{"start":{"line":71,"column":4},"end":{"line":71,"column":47}},"41":{"start":{"line":77,"column":4},"end":{"line":77,"column":19}},"42":{"start":{"line":78,"column":4},"end":{"line":78,"column":54}},"43":{"start":{"line":79,"column":4},"end":{"line":79,"column":49}},"44":{"start":{"line":85,"column":4},"end":{"line":85,"column":19}},"45":{"start":{"line":86,"column":4},"end":{"line":86,"column":54}},"46":{"start":{"line":87,"column":4},"end":{"line":87,"column":45}},"47":{"start":{"line":93,"column":4},"end":{"line":93,"column":19}},"48":{"start":{"line":94,"column":4},"end":{"line":94,"column":54}},"49":{"start":{"line":95,"column":4},"end":{"line":95,"column":49}},"50":{"start":{"line":101,"column":4},"end":{"line":101,"column":19}},"51":{"start":{"line":102,"column":4},"end":{"line":102,"column":54}},"52":{"start":{"line":103,"column":4},"end":{"line":103,"column":49}},"53":{"start":{"line":109,"column":4},"end":{"line":109,"column":19}},"54":{"start":{"line":110,"column":4},"end":{"line":110,"column":54}},"55":{"start":{"line":111,"column":4},"end":{"line":111,"column":45}},"56":{"start":{"line":117,"column":4},"end":{"line":117,"column":19}},"57":{"start":{"line":118,"column":4},"end":{"line":118,"column":54}},"58":{"start":{"line":119,"column":4},"end":{"line":119,"column":49}}},"fnMap":{"0":{"name":"(anonymous_0)","decl":{"start":{"line":1,"column":0},"end":{"line":1,"column":6}},"loc":{"start":{"line":1,"column":21},"end":{"line":27,"column":1}}},"1":{"name":"(anonymous_1)","decl":{"start":{"line":38,"column":2},"end":{"line":38,"column":21}},"loc":{"start":{"line":38,"column":33},"end":{"line":40,"column":3}}},"2":{"name":"(anonymous_2)","decl":{"start":{"line":46,"column":2},"end":{"line":46,"column":21}},"loc":{"start":{"line":46,"column":36},"end":{"line":48,"column":3}}},"3":{"name":"(anonymous_3)","decl":{"start":{"line":54,"column":2},"end":{"line":54,"column":21}},"loc":{"start":{"line":54,"column":37},"end":{"line":56,"column":3}}},"4":{"name":"(anonymous_4)","decl":{"start":{"line":60,"column":2},"end":{"line":60,"column":14}},"loc":{"start":{"line":60,"column":30},"end":{"line":64,"column":3}}},"5":{"name":"(anonymous_5)","decl":{"start":{"line":68,"column":2},"end":{"line":68,"column":14}},"loc":{"start":{"line":68,"column":30},"end":{"line":72,"column":3}}},"6":{"name":"(anonymous_6)","decl":{"start":{"line":76,"column":2},"end":{"line":76,"column":14}},"loc":{"start":{"line":76,"column":30},"end":{"line":80,"column":3}}},"7":{"name":"(anonymous_7)","decl":{"start":{"line":84,"column":2},"end":{"line":84,"column":14}},"loc":{"start":{"line":84,"column":30},"end":{"line":88,"column":3}}},"8":{"name":"(anonymous_8)","decl":{"start":{"line":92,"column":2},"end":{"line":92,"column":14}},"loc":{"start":{"line":92,"column":30},"end":{"line":96,"column":3}}},"9":{"name":"(anonymous_9)","decl":{"start":{"line":100,"column":2},"end":{"line":100,"column":14}},"loc":{"start":{"line":100,"column":30},"end":{"line":104,"column":3}}},"10":{"name":"(anonymous_10)","decl":{"start":{"line":108,"column":2},"end":{"line":108,"column":14}},"loc":{"start":{"line":108,"column":30},"end":{"line":112,"column":3}}},"11":{"name":"(anonymous_11)","decl":{"start":{"line":116,"column":2},"end":{"line":116,"column":14}},"loc":{"start":{"line":116,"column":30},"end":{"line":120,"column":3}}}},"branchMap":{"0":{"loc":{"start":{"line":1,"column":12},"end":{"line":1,"column":null}},"type":"binary-expr","locations":[{"start":{"line":1,"column":12},"end":{"line":1,"column":21}},{"start":{"line":1,"column":12},"end":{"line":1,"column":null}}]}},"s":{"0":1,"1":1,"2":1,"3":1,"4":1,"5":1,"6":1,"7":1,"8":1,"9":1,"10":1,"11":1,"12":1,"13":1,"14":1,"15":1,"16":1,"17":1,"18":1,"19":1,"20":1,"21":1,"22":1,"23":1,"24":1,"25":1,"26":0,"27":0,"28":0,"29":30,"30":30,"31":30,"32":0,"33":0,"34":0,"35":1,"36":1,"37":1,"38":2,"39":2,"40":2,"41":1,"42":1,"43":1,"44":2,"45":2,"46":2,"47":1,"48":1,"49":1,"50":1,"51":1,"52":1,"53":4,"54":4,"55":4,"56":1,"57":1,"58":1},"f":{"0":1,"1":0,"2":30,"3":0,"4":1,"5":2,"6":1,"7":2,"8":1,"9":1,"10":4,"11":1},"b":{"0":[1,1]}}
,"/home/philip/Dokumente/Projects/eufy-security-ws/src/lib/utils.ts": {"path":"/home/philip/Dokumente/Projects/eufy-security-ws/src/lib/utils.ts","statementMap":{"0":{"start":{"line":4,"column":43},"end":{"line":10,"column":1}},"1":{"start":{"line":5,"column":2},"end":{"line":9,"column":9}},"2":{"start":{"line":7,"column":8},"end":{"line":7,"column":78}},"3":{"start":{"line":12,"column":28},"end":{"line":41,"column":1}},"4":{"start":{"line":17,"column":2},"end":{"line":40,"column":5}},"5":{"start":{"line":18,"column":54},"end":{"line":18,"column":63}},"6":{"start":{"line":20,"column":20},"end":{"line":24,"column":5}},"7":{"start":{"line":22,"column":6},"end":{"line":22,"column":33}},"8":{"start":{"line":23,"column":6},"end":{"line":23,"column":19}},"9":{"start":{"line":25,"column":17},"end":{"line":28,"column":5}},"10":{"start":{"line":26,"column":6},"end":{"line":26,"column":34}},"11":{"start":{"line":27,"column":6},"end":{"line":27,"column":18}},"12":{"start":{"line":29,"column":4},"end":{"line":29,"column":33}},"13":{"start":{"line":30,"column":4},"end":{"line":30,"column":32}},"14":{"start":{"line":32,"column":4},"end":{"line":32,"column":55}},"15":{"start":{"line":32,"column":25},"end":{"line":32,"column":55}},"16":{"start":{"line":33,"column":4},"end":{"line":39,"column":5}},"17":{"start":{"line":34,"column":6},"end":{"line":38,"column":18}},"18":{"start":{"line":35,"column":8},"end":{"line":35,"column":36}},"19":{"start":{"line":36,"column":8},"end":{"line":36,"column":35}},"20":{"start":{"line":37,"column":8},"end":{"line":37,"column":45}},"21":{"start":{"line":43,"column":39},"end":{"line":55,"column":1}},"22":{"start":{"line":44,"column":2},"end":{"line":44,"column":34}},"23":{"start":{"line":45,"column":2},"end":{"line":45,"column":34}},"24":{"start":{"line":46,"column":2},"end":{"line":46,"column":34}},"25":{"start":{"line":47,"column":2},"end":{"line":47,"column":36}},"26":{"start":{"line":48,"column":2},"end":{"line":48,"column":36}},"27":{"start":{"line":49,"column":2},"end":{"line":49,"column":31}},"28":{"start":{"line":50,"column":2},"end":{"line":50,"column":32}},"29":{"start":{"line":51,"column":2},"end":{"line":51,"column":34}},"30":{"start":{"line":52,"column":2},"end":{"line":52,"column":34}},"31":{"start":{"line":53,"column":2},"end":{"line":53,"column":32}},"32":{"start":{"line":54,"column":2},"end":{"line":54,"column":38}}},"fnMap":{"0":{"name":"(anonymous_0)","decl":{"start":{"line":4,"column":43},"end":{"line":4,"column":53}},"loc":{"start":{"line":4,"column":66},"end":{"line":10,"column":1}}},"1":{"name":"(anonymous_1)","decl":{"start":{"line":6,"column":30},"end":{"line":6,"column":31}},"loc":{"start":{"line":6,"column":48},"end":{"line":8,"column":7}}},"2":{"name":"(anonymous_2)","decl":{"start":{"line":12,"column":28},"end":{"line":12,"column":null}},"loc":{"start":{"line":15,"column":18},"end":{"line":41,"column":1}}},"3":{"name":"(anonymous_3)","decl":{"start":{"line":17,"column":21},"end":{"line":17,"column":22}},"loc":{"start":{"line":17,"column":41},"end":{"line":40,"column":3}}},"4":{"name":"(anonymous_4)","decl":{"start":{"line":20,"column":20},"end":{"line":20,"column":21}},"loc":{"start":{"line":20,"column":37},"end":{"line":24,"column":5}}},"5":{"name":"(anonymous_5)","decl":{"start":{"line":25,"column":17},"end":{"line":25,"column":18}},"loc":{"start":{"line":25,"column":38},"end":{"line":28,"column":5}}},"6":{"name":"(anonymous_6)","decl":{"start":{"line":34,"column":35},"end":{"line":34,"column":38}},"loc":{"start":{"line":34,"column":40},"end":{"line":38,"column":7}}},"7":{"name":"(anonymous_7)","decl":{"start":{"line":43,"column":39},"end":{"line":43,"column":null}},"loc":{"start":{"line":43,"column":39},"end":{"line":55,"column":1}}}},"branchMap":{"0":{"loc":{"start":{"line":5,"column":9},"end":{"line":9,"column":8}},"type":"cond-expr","locations":[{"start":{"line":6,"column":6},"end":{"line":8,"column":8}},{"start":{"line":9,"column":6},"end":{"line":9,"column":8}}]},"1":{"loc":{"start":{"line":7,"column":15},"end":{"line":7,"column":77}},"type":"cond-expr","locations":[{"start":{"line":7,"column":28},"end":{"line":7,"column":48}},{"start":{"line":7,"column":51},"end":{"line":7,"column":77}}]},"2":{"loc":{"start":{"line":32,"column":4},"end":{"line":32,"column":55}},"type":"if","locations":[{"start":{"line":32,"column":4},"end":{"line":32,"column":55}}]},"3":{"loc":{"start":{"line":33,"column":4},"end":{"line":39,"column":5}},"type":"if","locations":[{"start":{"line":33,"column":4},"end":{"line":39,"column":5}}]}},"s":{"0":2,"1":14,"2":18,"3":2,"4":8,"5":8,"6":8,"7":4,"8":4,"9":8,"10":2,"11":2,"12":8,"13":8,"14":8,"15":0,"16":8,"17":3,"18":3,"19":3,"20":3,"21":2,"22":1,"23":1,"24":1,"25":1,"26":1,"27":1,"28":1,"29":1,"30":1,"31":1,"32":1},"f":{"0":14,"1":18,"2":8,"3":8,"4":4,"5":2,"6":3,"7":1},"b":{"0":[13,1],"1":[6,12],"2":[0],"3":[3]}}
,"/home/philip/Dokumente/Projects/eufy-security-ws/src/lib/device/command.ts": {"path":"/home/philip/Dokumente/Projects/eufy-security-ws/src/lib/device/command.ts","statementMap":{"0":{"start":{"line":1,"column":0},"end":{"line":1,"column":null}},"1":{"start":{"line":2,"column":2},"end":{"line":2,"column":null}},"2":{"start":{"line":3,"column":2},"end":{"line":3,"column":null}},"3":{"start":{"line":4,"column":2},"end":{"line":4,"column":null}},"4":{"start":{"line":5,"column":2},"end":{"line":5,"column":null}},"5":{"start":{"line":6,"column":2},"end":{"line":6,"column":null}},"6":{"start":{"line":7,"column":2},"end":{"line":7,"column":null}},"7":{"start":{"line":8,"column":2},"end":{"line":8,"column":null}},"8":{"start":{"line":9,"column":2},"end":{"line":9,"column":null}},"9":{"start":{"line":10,"column":2},"end":{"line":10,"column":null}},"10":{"start":{"line":11,"column":2},"end":{"line":11,"column":null}},"11":{"start":{"line":12,"column":2},"end":{"line":12,"column":null}},"12":{"start":{"line":13,"column":2},"end":{"line":13,"column":null}},"13":{"start":{"line":14,"column":2},"end":{"line":14,"column":null}},"14":{"start":{"line":15,"column":2},"end":{"line":15,"column":null}},"15":{"start":{"line":16,"column":2},"end":{"line":16,"column":null}},"16":{"start":{"line":17,"column":2},"end":{"line":17,"column":null}},"17":{"start":{"line":18,"column":2},"end":{"line":18,"column":null}},"18":{"start":{"line":19,"column":2},"end":{"line":19,"column":null}},"19":{"start":{"line":20,"column":2},"end":{"line":20,"column":null}},"20":{"start":{"line":21,"column":2},"end":{"line":21,"column":null}},"21":{"start":{"line":22,"column":2},"end":{"line":22,"column":null}},"22":{"start":{"line":23,"column":2},"end":{"line":23,"column":null}},"23":{"start":{"line":24,"column":2},"end":{"line":24,"column":null}},"24":{"start":{"line":25,"column":2},"end":{"line":25,"column":null}},"25":{"start":{"line":26,"column":2},"end":{"line":26,"column":null}},"26":{"start":{"line":27,"column":2},"end":{"line":27,"column":null}},"27":{"start":{"line":28,"column":2},"end":{"line":28,"column":null}},"28":{"start":{"line":29,"column":2},"end":{"line":29,"column":null}},"29":{"start":{"line":30,"column":2},"end":{"line":30,"column":null}},"30":{"start":{"line":31,"column":2},"end":{"line":31,"column":null}},"31":{"start":{"line":32,"column":2},"end":{"line":32,"column":null}},"32":{"start":{"line":33,"column":2},"end":{"line":33,"column":null}},"33":{"start":{"line":34,"column":2},"end":{"line":34,"column":null}},"34":{"start":{"line":35,"column":2},"end":{"line":35,"column":null}},"35":{"start":{"line":36,"column":2},"end":{"line":36,"column":null}},"36":{"start":{"line":37,"column":2},"end":{"line":37,"column":null}},"37":{"start":{"line":38,"column":2},"end":{"line":38,"column":null}},"38":{"start":{"line":39,"column":2},"end":{"line":39,"column":null}},"39":{"start":{"line":40,"column":2},"end":{"line":40,"column":null}},"40":{"start":{"line":41,"column":2},"end":{"line":41,"column":null}},"41":{"start":{"line":42,"column":2},"end":{"line":42,"column":null}},"42":{"start":{"line":45,"column":2},"end":{"line":45,"column":null}},"43":{"start":{"line":46,"column":2},"end":{"line":46,"column":null}},"44":{"start":{"line":47,"column":2},"end":{"line":47,"column":null}},"45":{"start":{"line":48,"column":2},"end":{"line":48,"column":null}},"46":{"start":{"line":49,"column":2},"end":{"line":49,"column":null}},"47":{"start":{"line":50,"column":2},"end":{"line":50,"column":null}},"48":{"start":{"line":51,"column":2},"end":{"line":51,"column":null}},"49":{"start":{"line":52,"column":2},"end":{"line":52,"column":null}},"50":{"start":{"line":53,"column":2},"end":{"line":53,"column":null}},"51":{"start":{"line":54,"column":2},"end":{"line":54,"column":null}}},"fnMap":{"0":{"name":"(anonymous_0)","decl":{"start":{"line":1,"column":0},"end":{"line":1,"column":6}},"loc":{"start":{"line":1,"column":25},"end":{"line":55,"column":1}}}},"branchMap":{"0":{"loc":{"start":{"line":1,"column":12},"end":{"line":1,"column":null}},"type":"binary-expr","locations":[{"start":{"line":1,"column":12},"end":{"line":1,"column":25}},{"start":{"line":1,"column":12},"end":{"line":1,"column":null}}]}},"s":{"0":1,"1":1,"2":1,"3":1,"4":1,"5":1,"6":1,"7":1,"8":1,"9":1,"10":1,"11":1,"12":1,"13":1,"14":1,"15":1,"16":1,"17":1,"18":1,"19":1,"20":1,"21":1,"22":1,"23":1,"24":1,"25":1,"26":1,"27":1,"28":1,"29":1,"30":1,"31":1,"32":1,"33":1,"34":1,"35":1,"36":1,"37":1,"38":1,"39":1,"40":1,"41":1,"42":1,"43":1,"44":1,"45":1,"46":1,"47":1,"48":1,"49":1,"50":1,"51":1},"f":{"0":1},"b":{"0":[1,1]}}
,"/home/philip/Dokumente/Projects/eufy-security-ws/src/lib/device/event.ts": {"path":"/home/philip/Dokumente/Projects/eufy-security-ws/src/lib/device/event.ts","statementMap":{"0":{"start":{"line":10,"column":0},"end":{"line":10,"column":null}},"1":{"start":{"line":11,"column":2},"end":{"line":11,"column":null}},"2":{"start":{"line":12,"column":2},"end":{"line":12,"column":null}},"3":{"start":{"line":13,"column":2},"end":{"line":13,"column":null}},"4":{"start":{"line":14,"column":2},"end":{"line":14,"column":null}},"5":{"start":{"line":15,"column":2},"end":{"line":15,"column":null}},"6":{"start":{"line":16,"column":2},"end":{"line":16,"column":null}},"7":{"start":{"line":17,"column":2},"end":{"line":17,"column":null}},"8":{"start":{"line":18,"column":2},"end":{"line":18,"column":null}},"9":{"start":{"line":19,"column":2},"end":{"line":19,"column":null}},"10":{"start":{"line":20,"column":2},"end":{"line":20,"column":null}},"11":{"start":{"line":21,"column":2},"end":{"line":21,"column":null}},"12":{"start":{"line":22,"column":2},"end":{"line":22,"column":null}},"13":{"start":{"line":23,"column":2},"end":{"line":23,"column":null}},"14":{"start":{"line":24,"column":2},"end":{"line":24,"column":null}},"15":{"start":{"line":25,"column":2},"end":{"line":25,"column":null}},"16":{"start":{"line":26,"column":2},"end":{"line":26,"column":null}},"17":{"start":{"line":27,"column":2},"end":{"line":27,"column":null}},"18":{"start":{"line":28,"column":2},"end":{"line":28,"column":null}},"19":{"start":{"line":29,"column":2},"end":{"line":29,"column":null}},"20":{"start":{"line":30,"column":2},"end":{"line":30,"column":null}},"21":{"start":{"line":31,"column":2},"end":{"line":31,"column":null}},"22":{"start":{"line":32,"column":2},"end":{"line":32,"column":null}},"23":{"start":{"line":33,"column":2},"end":{"line":33,"column":null}},"24":{"start":{"line":34,"column":2},"end":{"line":34,"column":null}},"25":{"start":{"line":35,"column":2},"end":{"line":35,"column":null}},"26":{"start":{"line":36,"column":2},"end":{"line":36,"column":null}},"27":{"start":{"line":37,"column":2},"end":{"line":37,"column":null}},"28":{"start":{"line":38,"column":2},"end":{"line":38,"column":null}},"29":{"start":{"line":39,"column":2},"end":{"line":39,"column":null}},"30":{"start":{"line":40,"column":2},"end":{"line":40,"column":null}},"31":{"start":{"line":41,"column":2},"end":{"line":41,"column":null}},"32":{"start":{"line":42,"column":2},"end":{"line":42,"column":null}},"33":{"start":{"line":43,"column":2},"end":{"line":43,"column":null}},"34":{"start":{"line":44,"column":2},"end":{"line":44,"column":null}},"35":{"start":{"line":45,"column":2},"end":{"line":45,"column":null}},"36":{"start":{"line":46,"column":2},"end":{"line":46,"column":null}},"37":{"start":{"line":47,"column":2},"end":{"line":47,"column":null}},"38":{"start":{"line":48,"column":2},"end":{"line":48,"column":null}},"39":{"start":{"line":49,"column":2},"end":{"line":49,"column":null}},"40":{"start":{"line":50,"column":2},"end":{"line":50,"column":null}},"41":{"start":{"line":51,"column":2},"end":{"line":51,"column":null}},"42":{"start":{"line":52,"column":2},"end":{"line":52,"column":null}},"43":{"start":{"line":53,"column":2},"end":{"line":53,"column":null}},"44":{"start":{"line":54,"column":2},"end":{"line":54,"column":null}},"45":{"start":{"line":55,"column":2},"end":{"line":55,"column":null}},"46":{"start":{"line":56,"column":2},"end":{"line":56,"column":null}},"47":{"start":{"line":57,"column":2},"end":{"line":57,"column":null}},"48":{"start":{"line":58,"column":2},"end":{"line":58,"column":null}},"49":{"start":{"line":59,"column":2},"end":{"line":59,"column":null}},"50":{"start":{"line":60,"column":2},"end":{"line":60,"column":null}},"51":{"start":{"line":61,"column":2},"end":{"line":61,"column":null}},"52":{"start":{"line":62,"column":2},"end":{"line":62,"column":null}},"53":{"start":{"line":63,"column":2},"end":{"line":63,"column":null}},"54":{"start":{"line":64,"column":2},"end":{"line":64,"column":null}},"55":{"start":{"line":65,"column":2},"end":{"line":65,"column":null}}},"fnMap":{"0":{"name":"(anonymous_0)","decl":{"start":{"line":10,"column":0},"end":{"line":10,"column":6}},"loc":{"start":{"line":10,"column":23},"end":{"line":66,"column":1}}}},"branchMap":{"0":{"loc":{"start":{"line":10,"column":12},"end":{"line":10,"column":null}},"type":"binary-expr","locations":[{"start":{"line":10,"column":12},"end":{"line":10,"column":23}},{"start":{"line":10,"column":12},"end":{"line":10,"column":null}}]}},"s":{"0":1,"1":1,"2":1,"3":1,"4":1,"5":1,"6":1,"7":1,"8":1,"9":1,"10":1,"11":1,"12":1,"13":1,"14":1,"15":1,"16":1,"17":1,"18":1,"19":1,"20":1,"21":1,"22":1,"23":1,"24":1,"25":1,"26":1,"27":1,"28":1,"29":1,"30":1,"31":1,"32":1,"33":1,"34":1,"35":1,"36":1,"37":1,"38":1,"39":1,"40":1,"41":1,"42":1,"43":1,"44":1,"45":1,"46":1,"47":1,"48":1,"49":1,"50":1,"51":1,"52":1,"53":1,"54":1,"55":1},"f":{"0":1},"b":{"0":[1,1]}}
,"/home/philip/Dokumente/Projects/eufy-security-ws/src/lib/device/message_handler.ts": {"path":"/home/philip/Dokumente/Projects/eufy-security-ws/src/lib/device/message_handler.ts","statementMap":{"0":{"start":{"line":60,"column":72},"end":{"line":60,"column":74}},"1":{"start":{"line":61,"column":74},"end":{"line":61,"column":76}},"2":{"start":{"line":62,"column":74},"end":{"line":62,"column":76}},"3":{"start":{"line":66,"column":4},"end":{"line":67,"column":62}},"4":{"start":{"line":67,"column":6},"end":{"line":67,"column":62}},"5":{"start":{"line":68,"column":4},"end":{"line":68,"column":14}},"6":{"start":{"line":72,"column":4},"end":{"line":76,"column":10}},"7":{"start":{"line":73,"column":6},"end":{"line":76,"column":10}},"8":{"start":{"line":75,"column":18},"end":{"line":75,"column":31}},"9":{"start":{"line":80,"column":4},"end":{"line":86,"column":66}},"10":{"start":{"line":84,"column":6},"end":{"line":84,"column":68}},"11":{"start":{"line":85,"column":9},"end":{"line":86,"column":66}},"12":{"start":{"line":86,"column":6},"end":{"line":86,"column":66}},"13":{"start":{"line":90,"column":4},"end":{"line":91,"column":64}},"14":{"start":{"line":91,"column":6},"end":{"line":91,"column":64}},"15":{"start":{"line":92,"column":4},"end":{"line":92,"column":14}},"16":{"start":{"line":96,"column":4},"end":{"line":100,"column":10}},"17":{"start":{"line":97,"column":6},"end":{"line":100,"column":10}},"18":{"start":{"line":99,"column":18},"end":{"line":99,"column":31}},"19":{"start":{"line":104,"column":4},"end":{"line":110,"column":68}},"20":{"start":{"line":108,"column":6},"end":{"line":108,"column":70}},"21":{"start":{"line":109,"column":9},"end":{"line":110,"column":68}},"22":{"start":{"line":110,"column":6},"end":{"line":110,"column":68}},"23":{"start":{"line":114,"column":4},"end":{"line":115,"column":64}},"24":{"start":{"line":115,"column":6},"end":{"line":115,"column":64}},"25":{"start":{"line":116,"column":4},"end":{"line":116,"column":14}},"26":{"start":{"line":120,"column":4},"end":{"line":124,"column":10}},"27":{"start":{"line":121,"column":6},"end":{"line":124,"column":10}},"28":{"start":{"line":123,"column":18},"end":{"line":123,"column":31}},"29":{"start":{"line":128,"column":4},"end":{"line":134,"column":68}},"30":{"start":{"line":132,"column":6},"end":{"line":132,"column":70}},"31":{"start":{"line":133,"column":9},"end":{"line":134,"column":68}},"32":{"start":{"line":134,"column":6},"end":{"line":134,"column":68}},"33":{"start":{"line":142,"column":38},"end":{"line":142,"column":45}},"34":{"start":{"line":144,"column":19},"end":{"line":144,"column":55}},"35":{"start":{"line":145,"column":20},"end":{"line":145,"column":70}},"36":{"start":{"line":147,"column":4},"end":{"line":887,"column":5}},"37":{"start":{"line":149,"column":8},"end":{"line":157,"column":9}},"38":{"start":{"line":150,"column":10},"end":{"line":153,"column":12}},"39":{"start":{"line":154,"column":10},"end":{"line":154,"column":20}},"40":{"start":{"line":156,"column":10},"end":{"line":156,"column":49}},"41":{"start":{"line":159,"column":8},"end":{"line":167,"column":9}},"42":{"start":{"line":160,"column":10},"end":{"line":163,"column":12}},"43":{"start":{"line":164,"column":10},"end":{"line":164,"column":20}},"44":{"start":{"line":166,"column":10},"end":{"line":166,"column":49}},"45":{"start":{"line":169,"column":8},"end":{"line":177,"column":9}},"46":{"start":{"line":170,"column":10},"end":{"line":173,"column":12}},"47":{"start":{"line":174,"column":10},"end":{"line":174,"column":20}},"48":{"start":{"line":176,"column":10},"end":{"line":176,"column":49}},"49":{"start":{"line":179,"column":8},"end":{"line":187,"column":9}},"50":{"start":{"line":180,"column":10},"end":{"line":183,"column":12}},"51":{"start":{"line":184,"column":10},"end":{"line":184,"column":20}},"52":{"start":{"line":186,"column":10},"end":{"line":186,"column":49}},"53":{"start":{"line":189,"column":8},"end":{"line":197,"column":9}},"54":{"start":{"line":190,"column":10},"end":{"line":193,"column":12}},"55":{"start":{"line":194,"column":10},"end":{"line":194,"column":20}},"56":{"start":{"line":196,"column":10},"end":{"line":196,"column":49}},"57":{"start":{"line":199,"column":8},"end":{"line":207,"column":9}},"58":{"start":{"line":200,"column":10},"end":{"line":203,"column":12}},"59":{"start":{"line":204,"column":10},"end":{"line":204,"column":20}},"60":{"start":{"line":206,"column":10},"end":{"line":206,"column":49}},"61":{"start":{"line":209,"column":8},"end":{"line":217,"column":9}},"62":{"start":{"line":210,"column":10},"end":{"line":213,"column":12}},"63":{"start":{"line":214,"column":10},"end":{"line":214,"column":20}},"64":{"start":{"line":216,"column":10},"end":{"line":216,"column":49}},"65":{"start":{"line":219,"column":8},"end":{"line":227,"column":9}},"66":{"start":{"line":220,"column":10},"end":{"line":223,"column":12}},"67":{"start":{"line":224,"column":10},"end":{"line":224,"column":20}},"68":{"start":{"line":226,"column":10},"end":{"line":226,"column":49}},"69":{"start":{"line":229,"column":8},"end":{"line":237,"column":9}},"70":{"start":{"line":230,"column":10},"end":{"line":233,"column":12}},"71":{"start":{"line":234,"column":10},"end":{"line":234,"column":20}},"72":{"start":{"line":236,"column":10},"end":{"line":236,"column":49}},"73":{"start":{"line":239,"column":8},"end":{"line":247,"column":9}},"74":{"start":{"line":240,"column":10},"end":{"line":243,"column":12}},"75":{"start":{"line":244,"column":10},"end":{"line":244,"column":20}},"76":{"start":{"line":246,"column":10},"end":{"line":246,"column":49}},"77":{"start":{"line":249,"column":27},"end":{"line":249,"column":57}},"78":{"start":{"line":251,"column":8},"end":{"line":266,"column":9}},"79":{"start":{"line":252,"column":10},"end":{"line":252,"column":44}},"80":{"start":{"line":253,"column":15},"end":{"line":266,"column":9}},"81":{"start":{"line":254,"column":10},"end":{"line":257,"column":12}},"82":{"start":{"line":259,"column":10},"end":{"line":265,"column":12}},"83":{"start":{"line":269,"column":27},"end":{"line":269,"column":49}},"84":{"start":{"line":271,"column":8},"end":{"line":286,"column":9}},"85":{"start":{"line":272,"column":10},"end":{"line":272,"column":44}},"86":{"start":{"line":273,"column":15},"end":{"line":286,"column":9}},"87":{"start":{"line":274,"column":10},"end":{"line":277,"column":12}},"88":{"start":{"line":279,"column":10},"end":{"line":285,"column":12}},"89":{"start":{"line":289,"column":8},"end":{"line":297,"column":13}},"90":{"start":{"line":296,"column":12},"end":{"line":296,"column":24}},"91":{"start":{"line":298,"column":8},"end":{"line":298,"column":65}},"92":{"start":{"line":300,"column":8},"end":{"line":328,"column":9}},"93":{"start":{"line":301,"column":10},"end":{"line":324,"column":11}},"94":{"start":{"line":302,"column":12},"end":{"line":302,"column":44}},"95":{"start":{"line":303,"column":12},"end":{"line":303,"column":58}},"96":{"start":{"line":304,"column":12},"end":{"line":307,"column":14}},"97":{"start":{"line":308,"column":17},"end":{"line":324,"column":11}},"98":{"start":{"line":310,"column":12},"end":{"line":314,"column":15}},"99":{"start":{"line":315,"column":12},"end":{"line":315,"column":58}},"100":{"start":{"line":316,"column":12},"end":{"line":319,"column":14}},"101":{"start":{"line":321,"column":12},"end":{"line":323,"column":14}},"102":{"start":{"line":325,"column":10},"end":{"line":325,"column":67}},"103":{"start":{"line":327,"column":10},"end":{"line":327,"column":49}},"104":{"start":{"line":330,"column":8},"end":{"line":373,"column":9}},"105":{"start":{"line":331,"column":10},"end":{"line":335,"column":11}},"106":{"start":{"line":332,"column":12},"end":{"line":334,"column":14}},"107":{"start":{"line":336,"column":10},"end":{"line":340,"column":11}},"108":{"start":{"line":337,"column":12},"end":{"line":339,"column":14}},"109":{"start":{"line":341,"column":10},"end":{"line":369,"column":11}},"110":{"start":{"line":348,"column":12},"end":{"line":368,"column":13}},"111":{"start":{"line":352,"column":14},"end":{"line":355,"column":16}},"112":{"start":{"line":356,"column":14},"end":{"line":356,"column":45}},"113":{"start":{"line":358,"column":14},"end":{"line":358,"column":61}},"114":{"start":{"line":359,"column":14},"end":{"line":362,"column":16}},"115":{"start":{"line":363,"column":14},"end":{"line":367,"column":17}},"116":{"start":{"line":370,"column":10},"end":{"line":370,"column":67}},"117":{"start":{"line":372,"column":10},"end":{"line":372,"column":49}},"118":{"start":{"line":375,"column":8},"end":{"line":388,"column":9}},"119":{"start":{"line":376,"column":25},"end":{"line":376,"column":56}},"120":{"start":{"line":378,"column":10},"end":{"line":385,"column":11}},"121":{"start":{"line":379,"column":12},"end":{"line":379,"column":45}},"122":{"start":{"line":380,"column":17},"end":{"line":385,"column":11}},"123":{"start":{"line":381,"column":12},"end":{"line":384,"column":14}},"124":{"start":{"line":387,"column":10},"end":{"line":387,"column":49}},"125":{"start":{"line":391,"column":8},"end":{"line":399,"column":9}},"126":{"start":{"line":392,"column":10},"end":{"line":395,"column":12}},"127":{"start":{"line":396,"column":10},"end":{"line":396,"column":67}},"128":{"start":{"line":398,"column":10},"end":{"line":398,"column":49}},"129":{"start":{"line":401,"column":8},"end":{"line":406,"column":9}},"130":{"start":{"line":402,"column":10},"end":{"line":402,"column":48}},"131":{"start":{"line":403,"column":10},"end":{"line":403,"column":67}},"132":{"start":{"line":405,"column":10},"end":{"line":405,"column":49}},"133":{"start":{"line":408,"column":8},"end":{"line":416,"column":9}},"134":{"start":{"line":409,"column":10},"end":{"line":412,"column":12}},"135":{"start":{"line":413,"column":10},"end":{"line":413,"column":67}},"136":{"start":{"line":415,"column":10},"end":{"line":415,"column":49}},"137":{"start":{"line":418,"column":8},"end":{"line":426,"column":9}},"138":{"start":{"line":419,"column":10},"end":{"line":422,"column":12}},"139":{"start":{"line":423,"column":10},"end":{"line":423,"column":67}},"140":{"start":{"line":425,"column":10},"end":{"line":425,"column":49}},"141":{"start":{"line":428,"column":8},"end":{"line":456,"column":9}},"142":{"start":{"line":429,"column":10},"end":{"line":452,"column":11}},"143":{"start":{"line":430,"column":12},"end":{"line":438,"column":17}},"144":{"start":{"line":437,"column":16},"end":{"line":437,"column":28}},"145":{"start":{"line":439,"column":12},"end":{"line":439,"column":62}},"146":{"start":{"line":440,"column":12},"end":{"line":443,"column":14}},"147":{"start":{"line":444,"column":17},"end":{"line":452,"column":11}},"148":{"start":{"line":445,"column":12},"end":{"line":447,"column":14}},"149":{"start":{"line":449,"column":12},"end":{"line":451,"column":14}},"150":{"start":{"line":453,"column":10},"end":{"line":453,"column":67}},"151":{"start":{"line":455,"column":10},"end":{"line":455,"column":49}},"152":{"start":{"line":458,"column":8},"end":{"line":490,"column":9}},"153":{"start":{"line":459,"column":10},"end":{"line":463,"column":11}},"154":{"start":{"line":460,"column":12},"end":{"line":462,"column":14}},"155":{"start":{"line":464,"column":10},"end":{"line":468,"column":11}},"156":{"start":{"line":465,"column":12},"end":{"line":467,"column":14}},"157":{"start":{"line":469,"column":10},"end":{"line":486,"column":11}},"158":{"start":{"line":476,"column":12},"end":{"line":485,"column":13}},"159":{"start":{"line":480,"column":14},"end":{"line":483,"column":16}},"160":{"start":{"line":484,"column":14},"end":{"line":484,"column":45}},"161":{"start":{"line":487,"column":10},"end":{"line":487,"column":67}},"162":{"start":{"line":489,"column":10},"end":{"line":489,"column":49}},"163":{"start":{"line":492,"column":8},"end":{"line":500,"column":9}},"164":{"start":{"line":493,"column":25},"end":{"line":493,"column":54}},"165":{"start":{"line":494,"column":10},"end":{"line":497,"column":12}},"166":{"start":{"line":499,"column":10},"end":{"line":499,"column":49}},"167":{"start":{"line":503,"column":8},"end":{"line":524,"column":9}},"168":{"start":{"line":504,"column":25},"end":{"line":509,"column":14}},"169":{"start":{"line":508,"column":14},"end":{"line":508,"column":26}},"170":{"start":{"line":511,"column":10},"end":{"line":521,"column":11}},"171":{"start":{"line":512,"column":12},"end":{"line":515,"column":14}},"172":{"start":{"line":516,"column":17},"end":{"line":521,"column":11}},"173":{"start":{"line":517,"column":12},"end":{"line":520,"column":14}},"174":{"start":{"line":523,"column":10},"end":{"line":523,"column":49}},"175":{"start":{"line":526,"column":8},"end":{"line":541,"column":9}},"176":{"start":{"line":527,"column":25},"end":{"line":528,"column":null}},"177":{"start":{"line":531,"column":10},"end":{"line":538,"column":11}},"178":{"start":{"line":532,"column":12},"end":{"line":532,"column":38}},"179":{"start":{"line":533,"column":17},"end":{"line":538,"column":11}},"180":{"start":{"line":534,"column":12},"end":{"line":537,"column":14}},"181":{"start":{"line":540,"column":10},"end":{"line":540,"column":49}},"182":{"start":{"line":544,"column":8},"end":{"line":559,"column":9}},"183":{"start":{"line":545,"column":25},"end":{"line":546,"column":null}},"184":{"start":{"line":549,"column":10},"end":{"line":556,"column":11}},"185":{"start":{"line":550,"column":12},"end":{"line":550,"column":38}},"186":{"start":{"line":551,"column":17},"end":{"line":556,"column":11}},"187":{"start":{"line":552,"column":12},"end":{"line":555,"column":14}},"188":{"start":{"line":558,"column":10},"end":{"line":558,"column":49}},"189":{"start":{"line":562,"column":8},"end":{"line":582,"column":9}},"190":{"start":{"line":563,"column":25},"end":{"line":563,"column":45}},"191":{"start":{"line":565,"column":42},"end":{"line":565,"column":44}},"192":{"start":{"line":566,"column":10},"end":{"line":570,"column":13}},"193":{"start":{"line":567,"column":12},"end":{"line":569,"column":14}},"194":{"start":{"line":572,"column":10},"end":{"line":579,"column":11}},"195":{"start":{"line":573,"column":12},"end":{"line":573,"column":40}},"196":{"start":{"line":574,"column":17},"end":{"line":579,"column":11}},"197":{"start":{"line":575,"column":12},"end":{"line":578,"column":14}},"198":{"start":{"line":581,"column":10},"end":{"line":581,"column":49}},"199":{"start":{"line":585,"column":8},"end":{"line":590,"column":9}},"200":{"start":{"line":586,"column":10},"end":{"line":586,"column":42}},"201":{"start":{"line":587,"column":10},"end":{"line":587,"column":20}},"202":{"start":{"line":589,"column":10},"end":{"line":589,"column":49}},"203":{"start":{"line":592,"column":8},"end":{"line":597,"column":9}},"204":{"start":{"line":593,"column":10},"end":{"line":593,"column":41}},"205":{"start":{"line":594,"column":10},"end":{"line":594,"column":20}},"206":{"start":{"line":596,"column":10},"end":{"line":596,"column":49}},"207":{"start":{"line":599,"column":8},"end":{"line":607,"column":9}},"208":{"start":{"line":600,"column":25},"end":{"line":600,"column":60}},"209":{"start":{"line":601,"column":10},"end":{"line":604,"column":12}},"210":{"start":{"line":606,"column":10},"end":{"line":606,"column":49}},"211":{"start":{"line":610,"column":8},"end":{"line":615,"column":9}},"212":{"start":{"line":611,"column":10},"end":{"line":611,"column":40}},"213":{"start":{"line":612,"column":10},"end":{"line":612,"column":67}},"214":{"start":{"line":614,"column":10},"end":{"line":614,"column":49}},"215":{"start":{"line":617,"column":8},"end":{"line":622,"column":9}},"216":{"start":{"line":618,"column":10},"end":{"line":618,"column":36}},"217":{"start":{"line":619,"column":10},"end":{"line":619,"column":67}},"218":{"start":{"line":621,"column":10},"end":{"line":621,"column":49}},"219":{"start":{"line":624,"column":8},"end":{"line":629,"column":9}},"220":{"start":{"line":625,"column":10},"end":{"line":625,"column":42}},"221":{"start":{"line":626,"column":10},"end":{"line":626,"column":67}},"222":{"start":{"line":628,"column":10},"end":{"line":628,"column":49}},"223":{"start":{"line":631,"column":8},"end":{"line":636,"column":9}},"224":{"start":{"line":632,"column":10},"end":{"line":632,"column":42}},"225":{"start":{"line":633,"column":10},"end":{"line":633,"column":67}},"226":{"start":{"line":635,"column":10},"end":{"line":635,"column":49}},"227":{"start":{"line":638,"column":8},"end":{"line":643,"column":9}},"228":{"start":{"line":639,"column":10},"end":{"line":639,"column":33}},"229":{"start":{"line":640,"column":10},"end":{"line":640,"column":33}},"230":{"start":{"line":642,"column":10},"end":{"line":642,"column":49}},"231":{"start":{"line":645,"column":8},"end":{"line":665,"column":9}},"232":{"start":{"line":646,"column":10},"end":{"line":661,"column":11}},"233":{"start":{"line":647,"column":12},"end":{"line":647,"column":42}},"234":{"start":{"line":648,"column":12},"end":{"line":648,"column":59}},"235":{"start":{"line":649,"column":12},"end":{"line":652,"column":14}},"236":{"start":{"line":653,"column":17},"end":{"line":661,"column":11}},"237":{"start":{"line":654,"column":12},"end":{"line":656,"column":14}},"238":{"start":{"line":658,"column":12},"end":{"line":660,"column":14}},"239":{"start":{"line":662,"column":10},"end":{"line":662,"column":33}},"240":{"start":{"line":664,"column":10},"end":{"line":664,"column":49}},"241":{"start":{"line":667,"column":8},"end":{"line":701,"column":9}},"242":{"start":{"line":668,"column":10},"end":{"line":672,"column":11}},"243":{"start":{"line":669,"column":12},"end":{"line":671,"column":14}},"244":{"start":{"line":673,"column":10},"end":{"line":677,"column":11}},"245":{"start":{"line":674,"column":12},"end":{"line":676,"column":14}},"246":{"start":{"line":678,"column":10},"end":{"line":697,"column":11}},"247":{"start":{"line":685,"column":12},"end":{"line":696,"column":13}},"248":{"start":{"line":689,"column":14},"end":{"line":689,"column":57}},"249":{"start":{"line":690,"column":14},"end":{"line":690,"column":62}},"250":{"start":{"line":691,"column":14},"end":{"line":694,"column":16}},"251":{"start":{"line":695,"column":14},"end":{"line":695,"column":43}},"252":{"start":{"line":698,"column":10},"end":{"line":698,"column":33}},"253":{"start":{"line":700,"column":10},"end":{"line":700,"column":49}},"254":{"start":{"line":703,"column":8},"end":{"line":711,"column":9}},"255":{"start":{"line":704,"column":25},"end":{"line":704,"column":58}},"256":{"start":{"line":705,"column":10},"end":{"line":708,"column":12}},"257":{"start":{"line":710,"column":10},"end":{"line":710,"column":49}},"258":{"start":{"line":714,"column":8},"end":{"line":740,"column":9}},"259":{"start":{"line":715,"column":10},"end":{"line":719,"column":11}},"260":{"start":{"line":716,"column":12},"end":{"line":718,"column":14}},"261":{"start":{"line":720,"column":10},"end":{"line":724,"column":11}},"262":{"start":{"line":721,"column":12},"end":{"line":723,"column":14}},"263":{"start":{"line":725,"column":10},"end":{"line":736,"column":11}},"264":{"start":{"line":732,"column":36},"end":{"line":733,"column":null}},"265":{"start":{"line":735,"column":12},"end":{"line":735,"column":56}},"266":{"start":{"line":737,"column":10},"end":{"line":737,"column":20}},"267":{"start":{"line":739,"column":10},"end":{"line":739,"column":49}},"268":{"start":{"line":742,"column":8},"end":{"line":754,"column":9}},"269":{"start":{"line":743,"column":10},"end":{"line":750,"column":13}},"270":{"start":{"line":751,"column":10},"end":{"line":751,"column":33}},"271":{"start":{"line":753,"column":10},"end":{"line":753,"column":49}},"272":{"start":{"line":756,"column":8},"end":{"line":771,"column":9}},"273":{"start":{"line":757,"column":26},"end":{"line":757,"column":65}},"274":{"start":{"line":758,"column":10},"end":{"line":767,"column":15}},"275":{"start":{"line":766,"column":14},"end":{"line":766,"column":26}},"276":{"start":{"line":768,"column":10},"end":{"line":768,"column":33}},"277":{"start":{"line":770,"column":10},"end":{"line":770,"column":49}},"278":{"start":{"line":773,"column":8},"end":{"line":783,"column":9}},"279":{"start":{"line":774,"column":26},"end":{"line":774,"column":68}},"280":{"start":{"line":775,"column":10},"end":{"line":779,"column":15}},"281":{"start":{"line":778,"column":14},"end":{"line":778,"column":26}},"282":{"start":{"line":780,"column":10},"end":{"line":780,"column":33}},"283":{"start":{"line":782,"column":10},"end":{"line":782,"column":49}},"284":{"start":{"line":785,"column":8},"end":{"line":795,"column":9}},"285":{"start":{"line":786,"column":24},"end":{"line":791,"column":14}},"286":{"start":{"line":790,"column":14},"end":{"line":790,"column":26}},"287":{"start":{"line":792,"column":10},"end":{"line":792,"column":56}},"288":{"start":{"line":794,"column":10},"end":{"line":794,"column":49}},"289":{"start":{"line":797,"column":8},"end":{"line":811,"column":9}},"290":{"start":{"line":798,"column":26},"end":{"line":798,"column":68}},"291":{"start":{"line":799,"column":10},"end":{"line":807,"column":15}},"292":{"start":{"line":806,"column":14},"end":{"line":806,"column":26}},"293":{"start":{"line":808,"column":10},"end":{"line":808,"column":33}},"294":{"start":{"line":810,"column":10},"end":{"line":810,"column":49}},"295":{"start":{"line":813,"column":8},"end":{"line":827,"column":9}},"296":{"start":{"line":814,"column":26},"end":{"line":814,"column":76}},"297":{"start":{"line":815,"column":10},"end":{"line":823,"column":15}},"298":{"start":{"line":822,"column":14},"end":{"line":822,"column":26}},"299":{"start":{"line":824,"column":10},"end":{"line":824,"column":33}},"300":{"start":{"line":826,"column":10},"end":{"line":826,"column":49}},"301":{"start":{"line":829,"column":8},"end":{"line":843,"column":9}},"302":{"start":{"line":830,"column":26},"end":{"line":830,"column":76}},"303":{"start":{"line":831,"column":10},"end":{"line":839,"column":15}},"304":{"start":{"line":838,"column":14},"end":{"line":838,"column":26}},"305":{"start":{"line":840,"column":10},"end":{"line":840,"column":33}},"306":{"start":{"line":842,"column":10},"end":{"line":842,"column":49}},"307":{"start":{"line":845,"column":8},"end":{"line":851,"column":9}},"308":{"start":{"line":846,"column":28},"end":{"line":846,"column":69}},"309":{"start":{"line":847,"column":10},"end":{"line":847,"column":51}},"310":{"start":{"line":848,"column":10},"end":{"line":848,"column":33}},"311":{"start":{"line":850,"column":10},"end":{"line":850,"column":49}},"312":{"start":{"line":853,"column":8},"end":{"line":859,"column":9}},"313":{"start":{"line":854,"column":33},"end":{"line":854,"column":79}},"314":{"start":{"line":855,"column":10},"end":{"line":855,"column":66}},"315":{"start":{"line":856,"column":10},"end":{"line":856,"column":33}},"316":{"start":{"line":858,"column":10},"end":{"line":858,"column":49}},"317":{"start":{"line":861,"column":8},"end":{"line":868,"column":9}},"318":{"start":{"line":863,"column":12},"end":{"line":863,"column":62}},"319":{"start":{"line":864,"column":10},"end":{"line":864,"column":74}},"320":{"start":{"line":865,"column":10},"end":{"line":865,"column":33}},"321":{"start":{"line":867,"column":10},"end":{"line":867,"column":49}},"322":{"start":{"line":870,"column":8},"end":{"line":877,"column":9}},"323":{"start":{"line":872,"column":12},"end":{"line":872,"column":64}},"324":{"start":{"line":873,"column":10},"end":{"line":873,"column":78}},"325":{"start":{"line":874,"column":10},"end":{"line":874,"column":33}},"326":{"start":{"line":876,"column":10},"end":{"line":876,"column":49}},"327":{"start":{"line":879,"column":8},"end":{"line":884,"column":9}},"328":{"start":{"line":880,"column":10},"end":{"line":880,"column":31}},"329":{"start":{"line":881,"column":10},"end":{"line":881,"column":33}},"330":{"start":{"line":883,"column":10},"end":{"line":883,"column":49}},"331":{"start":{"line":886,"column":8},"end":{"line":886,"column":47}}},"fnMap":{"0":{"name":"(anonymous_0)","decl":{"start":{"line":65,"column":2},"end":{"line":65,"column":8}},"loc":{"start":{"line":65,"column":46},"end":{"line":69,"column":3}}},"1":{"name":"(anonymous_1)","decl":{"start":{"line":71,"column":2},"end":{"line":71,"column":8}},"loc":{"start":{"line":71,"column":64},"end":{"line":77,"column":3}}},"2":{"name":"(anonymous_2)","decl":{"start":{"line":75,"column":10},"end":{"line":75,"column":11}},"loc":{"start":{"line":75,"column":18},"end":{"line":75,"column":31}}},"3":{"name":"(anonymous_3)","decl":{"start":{"line":79,"column":2},"end":{"line":79,"column":8}},"loc":{"start":{"line":79,"column":61},"end":{"line":87,"column":3}}},"4":{"name":"(anonymous_4)","decl":{"start":{"line":89,"column":2},"end":{"line":89,"column":8}},"loc":{"start":{"line":89,"column":48},"end":{"line":93,"column":3}}},"5":{"name":"(anonymous_5)","decl":{"start":{"line":95,"column":2},"end":{"line":95,"column":8}},"loc":{"start":{"line":95,"column":66},"end":{"line":101,"column":3}}},"6":{"name":"(anonymous_6)","decl":{"start":{"line":99,"column":10},"end":{"line":99,"column":11}},"loc":{"start":{"line":99,"column":18},"end":{"line":99,"column":31}}},"7":{"name":"(anonymous_7)","decl":{"start":{"line":103,"column":2},"end":{"line":103,"column":8}},"loc":{"start":{"line":103,"column":63},"end":{"line":111,"column":3}}},"8":{"name":"(anonymous_8)","decl":{"start":{"line":113,"column":2},"end":{"line":113,"column":8}},"loc":{"start":{"line":113,"column":48},"end":{"line":117,"column":3}}},"9":{"name":"(anonymous_9)","decl":{"start":{"line":119,"column":2},"end":{"line":119,"column":8}},"loc":{"start":{"line":119,"column":66},"end":{"line":125,"column":3}}},"10":{"name":"(anonymous_10)","decl":{"start":{"line":123,"column":10},"end":{"line":123,"column":11}},"loc":{"start":{"line":123,"column":18},"end":{"line":123,"column":31}}},"11":{"name":"(anonymous_11)","decl":{"start":{"line":127,"column":2},"end":{"line":127,"column":8}},"loc":{"start":{"line":127,"column":63},"end":{"line":135,"column":3}}},"12":{"name":"(anonymous_12)","decl":{"start":{"line":137,"column":2},"end":{"line":137,"column":8}},"loc":{"start":{"line":140,"column":18},"end":{"line":888,"column":3}}},"13":{"name":"(anonymous_13)","decl":{"start":{"line":295,"column":17},"end":{"line":295,"column":18}},"loc":{"start":{"line":295,"column":27},"end":{"line":297,"column":11}}},"14":{"name":"(anonymous_14)","decl":{"start":{"line":436,"column":21},"end":{"line":436,"column":22}},"loc":{"start":{"line":436,"column":31},"end":{"line":438,"column":15}}},"15":{"name":"(anonymous_15)","decl":{"start":{"line":507,"column":19},"end":{"line":507,"column":20}},"loc":{"start":{"line":507,"column":29},"end":{"line":509,"column":13}}},"16":{"name":"(anonymous_16)","decl":{"start":{"line":566,"column":25},"end":{"line":566,"column":26}},"loc":{"start":{"line":566,"column":37},"end":{"line":570,"column":11}}},"17":{"name":"(anonymous_17)","decl":{"start":{"line":765,"column":19},"end":{"line":765,"column":20}},"loc":{"start":{"line":765,"column":29},"end":{"line":767,"column":13}}},"18":{"name":"(anonymous_18)","decl":{"start":{"line":777,"column":19},"end":{"line":777,"column":20}},"loc":{"start":{"line":777,"column":29},"end":{"line":779,"column":13}}},"19":{"name":"(anonymous_19)","decl":{"start":{"line":789,"column":19},"end":{"line":789,"column":20}},"loc":{"start":{"line":789,"column":29},"end":{"line":791,"column":13}}},"20":{"name":"(anonymous_20)","decl":{"start":{"line":805,"column":19},"end":{"line":805,"column":20}},"loc":{"start":{"line":805,"column":29},"end":{"line":807,"column":13}}},"21":{"name":"(anonymous_21)","decl":{"start":{"line":821,"column":19},"end":{"line":821,"column":20}},"loc":{"start":{"line":821,"column":29},"end":{"line":823,"column":13}}},"22":{"name":"(anonymous_22)","decl":{"start":{"line":837,"column":19},"end":{"line":837,"column":20}},"loc":{"start":{"line":837,"column":29},"end":{"line":839,"column":13}}}},"branchMap":{"0":{"loc":{"start":{"line":66,"column":4},"end":{"line":67,"column":62}},"type":"if","locations":[{"start":{"line":66,"column":4},"end":{"line":67,"column":62}}]},"1":{"loc":{"start":{"line":72,"column":4},"end":{"line":76,"column":10}},"type":"if","locations":[{"start":{"line":72,"column":4},"end":{"line":76,"column":10}}]},"2":{"loc":{"start":{"line":80,"column":4},"end":{"line":86,"column":66}},"type":"if","locations":[{"start":{"line":80,"column":4},"end":{"line":86,"column":66}},{"start":{"line":85,"column":9},"end":{"line":86,"column":66}}]},"3":{"loc":{"start":{"line":81,"column":6},"end":{"line":82,"column":72}},"type":"binary-expr","locations":[{"start":{"line":81,"column":6},"end":{"line":81,"column":68}},{"start":{"line":82,"column":6},"end":{"line":82,"column":72}}]},"4":{"loc":{"start":{"line":85,"column":9},"end":{"line":86,"column":66}},"type":"if","locations":[{"start":{"line":85,"column":9},"end":{"line":86,"column":66}}]},"5":{"loc":{"start":{"line":90,"column":4},"end":{"line":91,"column":64}},"type":"if","locations":[{"start":{"line":90,"column":4},"end":{"line":91,"column":64}}]},"6":{"loc":{"start":{"line":96,"column":4},"end":{"line":100,"column":10}},"type":"if","locations":[{"start":{"line":96,"column":4},"end":{"line":100,"column":10}}]},"7":{"loc":{"start":{"line":104,"column":4},"end":{"line":110,"column":68}},"type":"if","locations":[{"start":{"line":104,"column":4},"end":{"line":110,"column":68}},{"start":{"line":109,"column":9},"end":{"line":110,"column":68}}]},"8":{"loc":{"start":{"line":105,"column":6},"end":{"line":106,"column":74}},"type":"binary-expr","locations":[{"start":{"line":105,"column":6},"end":{"line":105,"column":70}},{"start":{"line":106,"column":6},"end":{"line":106,"column":74}}]},"9":{"loc":{"start":{"line":109,"column":9},"end":{"line":110,"column":68}},"type":"if","locations":[{"start":{"line":109,"column":9},"end":{"line":110,"column":68}}]},"10":{"loc":{"start":{"line":114,"column":4},"end":{"line":115,"column":64}},"type":"if","locations":[{"start":{"line":114,"column":4},"end":{"line":115,"column":64}}]},"11":{"loc":{"start":{"line":120,"column":4},"end":{"line":124,"column":10}},"type":"if","locations":[{"start":{"line":120,"column":4},"end":{"line":124,"column":10}}]},"12":{"loc":{"start":{"line":128,"column":4},"end":{"line":134,"column":68}},"type":"if","locations":[{"start":{"line":128,"column":4},"end":{"line":134,"column":68}},{"start":{"line":133,"column":9},"end":{"line":134,"column":68}}]},"13":{"loc":{"start":{"line":129,"column":6},"end":{"line":130,"column":74}},"type":"binary-expr","locations":[{"start":{"line":129,"column":6},"end":{"line":129,"column":70}},{"start":{"line":130,"column":6},"end":{"line":130,"column":74}}]},"14":{"loc":{"start":{"line":133,"column":9},"end":{"line":134,"column":68}},"type":"if","locations":[{"start":{"line":133,"column":9},"end":{"line":134,"column":68}}]},"15":{"loc":{"start":{"line":147,"column":4},"end":{"line":887,"column":5}},"type":"switch","locations":[{"start":{"line":148,"column":6},"end":{"line":157,"column":9}},{"start":{"line":158,"column":6},"end":{"line":167,"column":9}},{"start":{"line":168,"column":6},"end":{"line":177,"column":9}},{"start":{"line":178,"column":6},"end":{"line":187,"column":9}},{"start":{"line":188,"column":6},"end":{"line":197,"column":9}},{"start":{"line":198,"column":6},"end":{"line":207,"column":9}},{"start":{"line":208,"column":6},"end":{"line":217,"column":9}},{"start":{"line":218,"column":6},"end":{"line":227,"column":9}},{"start":{"line":228,"column":6},"end":{"line":237,"column":9}},{"start":{"line":238,"column":6},"end":{"line":247,"column":9}},{"start":{"line":248,"column":6},"end":{"line":267,"column":7}},{"start":{"line":268,"column":6},"end":{"line":287,"column":7}},{"start":{"line":288,"column":6},"end":{"line":298,"column":65}},{"start":{"line":299,"column":6},"end":{"line":328,"column":9}},{"start":{"line":329,"column":6},"end":{"line":373,"column":9}},{"start":{"line":374,"column":6},"end":{"line":389,"column":7}},{"start":{"line":390,"column":6},"end":{"line":399,"column":9}},{"start":{"line":400,"column":6},"end":{"line":406,"column":9}},{"start":{"line":407,"column":6},"end":{"line":416,"column":9}},{"start":{"line":417,"column":6},"end":{"line":426,"column":9}},{"start":{"line":427,"column":6},"end":{"line":456,"column":9}},{"start":{"line":457,"column":6},"end":{"line":490,"column":9}},{"start":{"line":491,"column":6},"end":{"line":501,"column":7}},{"start":{"line":502,"column":6},"end":{"line":524,"column":9}},{"start":{"line":525,"column":6},"end":{"line":542,"column":7}},{"start":{"line":543,"column":6},"end":{"line":560,"column":7}},{"start":{"line":561,"column":6},"end":{"line":583,"column":7}},{"start":{"line":584,"column":6},"end":{"line":590,"column":9}},{"start":{"line":591,"column":6},"end":{"line":597,"column":9}},{"start":{"line":598,"column":6},"end":{"line":608,"column":7}},{"start":{"line":609,"column":6},"end":{"line":615,"column":9}},{"start":{"line":616,"column":6},"end":{"line":622,"column":9}},{"start":{"line":623,"column":6},"end":{"line":629,"column":9}},{"start":{"line":630,"column":6},"end":{"line":636,"column":9}},{"start":{"line":637,"column":6},"end":{"line":643,"column":9}},{"start":{"line":644,"column":6},"end":{"line":665,"column":9}},{"start":{"line":666,"column":6},"end":{"line":701,"column":9}},{"start":{"line":702,"column":6},"end":{"line":712,"column":7}},{"start":{"line":713,"column":6},"end":{"line":740,"column":9}},{"start":{"line":741,"column":6},"end":{"line":754,"column":9}},{"start":{"line":755,"column":6},"end":{"line":771,"column":9}},{"start":{"line":772,"column":6},"end":{"line":783,"column":9}},{"start":{"line":784,"column":6},"end":{"line":795,"column":9}},{"start":{"line":796,"column":6},"end":{"line":811,"column":9}},{"start":{"line":812,"column":6},"end":{"line":827,"column":9}},{"start":{"line":828,"column":6},"end":{"line":843,"column":9}},{"start":{"line":844,"column":6},"end":{"line":851,"column":9}},{"start":{"line":852,"column":6},"end":{"line":859,"column":9}},{"start":{"line":860,"column":6},"end":{"line":868,"column":9}},{"start":{"line":869,"column":6},"end":{"line":877,"column":9}},{"start":{"line":878,"column":6},"end":{"line":884,"column":9}},{"start":{"line":885,"column":6},"end":{"line":886,"column":47}}]},"16":{"loc":{"start":{"line":149,"column":8},"end":{"line":157,"column":9}},"type":"if","locations":[{"start":{"line":149,"column":8},"end":{"line":157,"column":9}},{"start":{"line":155,"column":15},"end":{"line":157,"column":9}}]},"17":{"loc":{"start":{"line":159,"column":8},"end":{"line":167,"column":9}},"type":"if","locations":[{"start":{"line":159,"column":8},"end":{"line":167,"column":9}},{"start":{"line":165,"column":15},"end":{"line":167,"column":9}}]},"18":{"loc":{"start":{"line":169,"column":8},"end":{"line":177,"column":9}},"type":"if","locations":[{"start":{"line":169,"column":8},"end":{"line":177,"column":9}},{"start":{"line":175,"column":15},"end":{"line":177,"column":9}}]},"19":{"loc":{"start":{"line":179,"column":8},"end":{"line":187,"column":9}},"type":"if","locations":[{"start":{"line":179,"column":8},"end":{"line":187,"column":9}},{"start":{"line":185,"column":15},"end":{"line":187,"column":9}}]},"20":{"loc":{"start":{"line":189,"column":8},"end":{"line":197,"column":9}},"type":"if","locations":[{"start":{"line":189,"column":8},"end":{"line":197,"column":9}},{"start":{"line":195,"column":15},"end":{"line":197,"column":9}}]},"21":{"loc":{"start":{"line":199,"column":8},"end":{"line":207,"column":9}},"type":"if","locations":[{"start":{"line":199,"column":8},"end":{"line":207,"column":9}},{"start":{"line":205,"column":15},"end":{"line":207,"column":9}}]},"22":{"loc":{"start":{"line":209,"column":8},"end":{"line":217,"column":9}},"type":"if","locations":[{"start":{"line":209,"column":8},"end":{"line":217,"column":9}},{"start":{"line":215,"column":15},"end":{"line":217,"column":9}}]},"23":{"loc":{"start":{"line":219,"column":8},"end":{"line":227,"column":9}},"type":"if","locations":[{"start":{"line":219,"column":8},"end":{"line":227,"column":9}},{"start":{"line":225,"column":15},"end":{"line":227,"column":9}}]},"24":{"loc":{"start":{"line":229,"column":8},"end":{"line":237,"column":9}},"type":"if","locations":[{"start":{"line":229,"column":8},"end":{"line":237,"column":9}},{"start":{"line":235,"column":15},"end":{"line":237,"column":9}}]},"25":{"loc":{"start":{"line":239,"column":8},"end":{"line":247,"column":9}},"type":"if","locations":[{"start":{"line":239,"column":8},"end":{"line":247,"column":9}},{"start":{"line":245,"column":15},"end":{"line":247,"column":9}}]},"26":{"loc":{"start":{"line":251,"column":8},"end":{"line":266,"column":9}},"type":"if","locations":[{"start":{"line":251,"column":8},"end":{"line":266,"column":9}},{"start":{"line":253,"column":15},"end":{"line":266,"column":9}}]},"27":{"loc":{"start":{"line":253,"column":15},"end":{"line":266,"column":9}},"type":"if","locations":[{"start":{"line":253,"column":15},"end":{"line":266,"column":9}},{"start":{"line":258,"column":15},"end":{"line":266,"column":9}}]},"28":{"loc":{"start":{"line":253,"column":19},"end":{"line":253,"column":74}},"type":"binary-expr","locations":[{"start":{"line":253,"column":19},"end":{"line":253,"column":44}},{"start":{"line":253,"column":48},"end":{"line":253,"column":74}}]},"29":{"loc":{"start":{"line":271,"column":8},"end":{"line":286,"column":9}},"type":"if","locations":[{"start":{"line":271,"column":8},"end":{"line":286,"column":9}},{"start":{"line":273,"column":15},"end":{"line":286,"column":9}}]},"30":{"loc":{"start":{"line":273,"column":15},"end":{"line":286,"column":9}},"type":"if","locations":[{"start":{"line":273,"column":15},"end":{"line":286,"column":9}},{"start":{"line":278,"column":15},"end":{"line":286,"column":9}}]},"31":{"loc":{"start":{"line":273,"column":19},"end":{"line":273,"column":74}},"type":"binary-expr","locations":[{"start":{"line":273,"column":19},"end":{"line":273,"column":44}},{"start":{"line":273,"column":48},"end":{"line":273,"column":74}}]},"32":{"loc":{"start":{"line":298,"column":15},"end":{"line":298,"column":64}},"type":"cond-expr","locations":[{"start":{"line":298,"column":44},"end":{"line":298,"column":59}},{"start":{"line":298,"column":62},"end":{"line":298,"column":64}}]},"33":{"loc":{"start":{"line":300,"column":8},"end":{"line":328,"column":9}},"type":"if","locations":[{"start":{"line":300,"column":8},"end":{"line":328,"column":9}},{"start":{"line":326,"column":15},"end":{"line":328,"column":9}}]},"34":{"loc":{"start":{"line":301,"column":10},"end":{"line":324,"column":11}},"type":"if","locations":[{"start":{"line":301,"column":10},"end":{"line":324,"column":11}},{"start":{"line":308,"column":17},"end":{"line":324,"column":11}}]},"35":{"loc":{"start":{"line":308,"column":17},"end":{"line":324,"column":11}},"type":"if","locations":[{"start":{"line":308,"column":17},"end":{"line":324,"column":11}},{"start":{"line":320,"column":17},"end":{"line":324,"column":11}}]},"36":{"loc":{"start":{"line":325,"column":17},"end":{"line":325,"column":66}},"type":"cond-expr","locations":[{"start":{"line":325,"column":46},"end":{"line":325,"column":61}},{"start":{"line":325,"column":64},"end":{"line":325,"column":66}}]},"37":{"loc":{"start":{"line":330,"column":8},"end":{"line":373,"column":9}},"type":"if","locations":[{"start":{"line":330,"column":8},"end":{"line":373,"column":9}},{"start":{"line":371,"column":15},"end":{"line":373,"column":9}}]},"38":{"loc":{"start":{"line":331,"column":10},"end":{"line":335,"column":11}},"type":"if","locations":[{"start":{"line":331,"column":10},"end":{"line":335,"column":11}}]},"39":{"loc":{"start":{"line":336,"column":10},"end":{"line":340,"column":11}},"type":"if","locations":[{"start":{"line":336,"column":10},"end":{"line":340,"column":11}}]},"40":{"loc":{"start":{"line":341,"column":10},"end":{"line":369,"column":11}},"type":"if","locations":[{"start":{"line":341,"column":10},"end":{"line":369,"column":11}}]},"41":{"loc":{"start":{"line":342,"column":12},"end":{"line":345,"column":null}},"type":"binary-expr","locations":[{"start":{"line":342,"column":12},"end":{"line":343,"column":23}},{"start":{"line":344,"column":12},"end":{"line":345,"column":null}}]},"42":{"loc":{"start":{"line":348,"column":12},"end":{"line":368,"column":13}},"type":"if","locations":[{"start":{"line":348,"column":12},"end":{"line":368,"column":13}},{"start":{"line":357,"column":19},"end":{"line":368,"column":13}}]},"43":{"loc":{"start":{"line":370,"column":17},"end":{"line":370,"column":66}},"type":"cond-expr","locations":[{"start":{"line":370,"column":46},"end":{"line":370,"column":61}},{"start":{"line":370,"column":64},"end":{"line":370,"column":66}}]},"44":{"loc":{"start":{"line":375,"column":8},"end":{"line":388,"column":9}},"type":"if","locations":[{"start":{"line":375,"column":8},"end":{"line":388,"column":9}},{"start":{"line":386,"column":15},"end":{"line":388,"column":9}}]},"45":{"loc":{"start":{"line":378,"column":10},"end":{"line":385,"column":11}},"type":"if","locations":[{"start":{"line":378,"column":10},"end":{"line":385,"column":11}},{"start":{"line":380,"column":17},"end":{"line":385,"column":11}}]},"46":{"loc":{"start":{"line":378,"column":14},"end":{"line":378,"column":68}},"type":"binary-expr","locations":[{"start":{"line":378,"column":14},"end":{"line":378,"column":39}},{"start":{"line":378,"column":43},"end":{"line":378,"column":68}}]},"47":{"loc":{"start":{"line":380,"column":17},"end":{"line":385,"column":11}},"type":"if","locations":[{"start":{"line":380,"column":17},"end":{"line":385,"column":11}}]},"48":{"loc":{"start":{"line":391,"column":8},"end":{"line":399,"column":9}},"type":"if","locations":[{"start":{"line":391,"column":8},"end":{"line":399,"column":9}},{"start":{"line":397,"column":15},"end":{"line":399,"column":9}}]},"49":{"loc":{"start":{"line":396,"column":17},"end":{"line":396,"column":66}},"type":"cond-expr","locations":[{"start":{"line":396,"column":46},"end":{"line":396,"column":61}},{"start":{"line":396,"column":64},"end":{"line":396,"column":66}}]},"50":{"loc":{"start":{"line":401,"column":8},"end":{"line":406,"column":9}},"type":"if","locations":[{"start":{"line":401,"column":8},"end":{"line":406,"column":9}},{"start":{"line":404,"column":15},"end":{"line":406,"column":9}}]},"51":{"loc":{"start":{"line":403,"column":17},"end":{"line":403,"column":66}},"type":"cond-expr","locations":[{"start":{"line":403,"column":46},"end":{"line":403,"column":61}},{"start":{"line":403,"column":64},"end":{"line":403,"column":66}}]},"52":{"loc":{"start":{"line":408,"column":8},"end":{"line":416,"column":9}},"type":"if","locations":[{"start":{"line":408,"column":8},"end":{"line":416,"column":9}},{"start":{"line":414,"column":15},"end":{"line":416,"column":9}}]},"53":{"loc":{"start":{"line":413,"column":17},"end":{"line":413,"column":66}},"type":"cond-expr","locations":[{"start":{"line":413,"column":46},"end":{"line":413,"column":61}},{"start":{"line":413,"column":64},"end":{"line":413,"column":66}}]},"54":{"loc":{"start":{"line":418,"column":8},"end":{"line":426,"column":9}},"type":"if","locations":[{"start":{"line":418,"column":8},"end":{"line":426,"column":9}},{"start":{"line":424,"column":15},"end":{"line":426,"column":9}}]},"55":{"loc":{"start":{"line":423,"column":17},"end":{"line":423,"column":66}},"type":"cond-expr","locations":[{"start":{"line":423,"column":46},"end":{"line":423,"column":61}},{"start":{"line":423,"column":64},"end":{"line":423,"column":66}}]},"56":{"loc":{"start":{"line":428,"column":8},"end":{"line":456,"column":9}},"type":"if","locations":[{"start":{"line":428,"column":8},"end":{"line":456,"column":9}},{"start":{"line":454,"column":15},"end":{"line":456,"column":9}}]},"57":{"loc":{"start":{"line":429,"column":10},"end":{"line":452,"column":11}},"type":"if","locations":[{"start":{"line":429,"column":10},"end":{"line":452,"column":11}},{"start":{"line":444,"column":17},"end":{"line":452,"column":11}}]},"58":{"loc":{"start":{"line":444,"column":17},"end":{"line":452,"column":11}},"type":"if","locations":[{"start":{"line":444,"column":17},"end":{"line":452,"column":11}},{"start":{"line":448,"column":17},"end":{"line":452,"column":11}}]},"59":{"loc":{"start":{"line":453,"column":17},"end":{"line":453,"column":66}},"type":"cond-expr","locations":[{"start":{"line":453,"column":46},"end":{"line":453,"column":61}},{"start":{"line":453,"column":64},"end":{"line":453,"column":66}}]},"60":{"loc":{"start":{"line":458,"column":8},"end":{"line":490,"column":9}},"type":"if","locations":[{"start":{"line":458,"column":8},"end":{"line":490,"column":9}},{"start":{"line":488,"column":15},"end":{"line":490,"column":9}}]},"61":{"loc":{"start":{"line":459,"column":10},"end":{"line":463,"column":11}},"type":"if","locations":[{"start":{"line":459,"column":10},"end":{"line":463,"column":11}}]},"62":{"loc":{"start":{"line":464,"column":10},"end":{"line":468,"column":11}},"type":"if","locations":[{"start":{"line":464,"column":10},"end":{"line":468,"column":11}}]},"63":{"loc":{"start":{"line":469,"column":10},"end":{"line":486,"column":11}},"type":"if","locations":[{"start":{"line":469,"column":10},"end":{"line":486,"column":11}}]},"64":{"loc":{"start":{"line":470,"column":12},"end":{"line":474,"column":30}},"type":"binary-expr","locations":[{"start":{"line":470,"column":12},"end":{"line":471,"column":23}},{"start":{"line":472,"column":12},"end":{"line":474,"column":30}}]},"65":{"loc":{"start":{"line":476,"column":12},"end":{"line":485,"column":13}},"type":"if","locations":[{"start":{"line":476,"column":12},"end":{"line":485,"column":13}}]},"66":{"loc":{"start":{"line":487,"column":17},"end":{"line":487,"column":66}},"type":"cond-expr","locations":[{"start":{"line":487,"column":46},"end":{"line":487,"column":61}},{"start":{"line":487,"column":64},"end":{"line":487,"column":66}}]},"67":{"loc":{"start":{"line":492,"column":8},"end":{"line":500,"column":9}},"type":"if","locations":[{"start":{"line":492,"column":8},"end":{"line":500,"column":9}},{"start":{"line":498,"column":15},"end":{"line":500,"column":9}}]},"68":{"loc":{"start":{"line":503,"column":8},"end":{"line":524,"column":9}},"type":"if","locations":[{"start":{"line":503,"column":8},"end":{"line":524,"column":9}},{"start":{"line":522,"column":15},"end":{"line":524,"column":9}}]},"69":{"loc":{"start":{"line":511,"column":10},"end":{"line":521,"column":11}},"type":"if","locations":[{"start":{"line":511,"column":10},"end":{"line":521,"column":11}},{"start":{"line":516,"column":17},"end":{"line":521,"column":11}}]},"70":{"loc":{"start":{"line":516,"column":17},"end":{"line":521,"column":11}},"type":"if","locations":[{"start":{"line":516,"column":17},"end":{"line":521,"column":11}}]},"71":{"loc":{"start":{"line":526,"column":8},"end":{"line":541,"column":9}},"type":"if","locations":[{"start":{"line":526,"column":8},"end":{"line":541,"column":9}},{"start":{"line":539,"column":15},"end":{"line":541,"column":9}}]},"72":{"loc":{"start":{"line":531,"column":10},"end":{"line":538,"column":11}},"type":"if","locations":[{"start":{"line":531,"column":10},"end":{"line":538,"column":11}},{"start":{"line":533,"column":17},"end":{"line":538,"column":11}}]},"73":{"loc":{"start":{"line":533,"column":17},"end":{"line":538,"column":11}},"type":"if","locations":[{"start":{"line":533,"column":17},"end":{"line":538,"column":11}}]},"74":{"loc":{"start":{"line":544,"column":8},"end":{"line":559,"column":9}},"type":"if","locations":[{"start":{"line":544,"column":8},"end":{"line":559,"column":9}},{"start":{"line":557,"column":15},"end":{"line":559,"column":9}}]},"75":{"loc":{"start":{"line":549,"column":10},"end":{"line":556,"column":11}},"type":"if","locations":[{"start":{"line":549,"column":10},"end":{"line":556,"column":11}},{"start":{"line":551,"column":17},"end":{"line":556,"column":11}}]},"76":{"loc":{"start":{"line":551,"column":17},"end":{"line":556,"column":11}},"type":"if","locations":[{"start":{"line":551,"column":17},"end":{"line":556,"column":11}}]},"77":{"loc":{"start":{"line":562,"column":8},"end":{"line":582,"column":9}},"type":"if","locations":[{"start":{"line":562,"column":8},"end":{"line":582,"column":9}},{"start":{"line":580,"column":15},"end":{"line":582,"column":9}}]},"78":{"loc":{"start":{"line":572,"column":10},"end":{"line":579,"column":11}},"type":"if","locations":[{"start":{"line":572,"column":10},"end":{"line":579,"column":11}},{"start":{"line":574,"column":17},"end":{"line":579,"column":11}}]},"79":{"loc":{"start":{"line":574,"column":17},"end":{"line":579,"column":11}},"type":"if","locations":[{"start":{"line":574,"column":17},"end":{"line":579,"column":11}}]},"80":{"loc":{"start":{"line":585,"column":8},"end":{"line":590,"column":9}},"type":"if","locations":[{"start":{"line":585,"column":8},"end":{"line":590,"column":9}},{"start":{"line":588,"column":15},"end":{"line":590,"column":9}}]},"81":{"loc":{"start":{"line":592,"column":8},"end":{"line":597,"column":9}},"type":"if","locations":[{"start":{"line":592,"column":8},"end":{"line":597,"column":9}},{"start":{"line":595,"column":15},"end":{"line":597,"column":9}}]},"82":{"loc":{"start":{"line":599,"column":8},"end":{"line":607,"column":9}},"type":"if","locations":[{"start":{"line":599,"column":8},"end":{"line":607,"column":9}},{"start":{"line":605,"column":15},"end":{"line":607,"column":9}}]},"83":{"loc":{"start":{"line":610,"column":8},"end":{"line":615,"column":9}},"type":"if","locations":[{"start":{"line":610,"column":8},"end":{"line":615,"column":9}},{"start":{"line":613,"column":15},"end":{"line":615,"column":9}}]},"84":{"loc":{"start":{"line":612,"column":17},"end":{"line":612,"column":66}},"type":"cond-expr","locations":[{"start":{"line":612,"column":46},"end":{"line":612,"column":61}},{"start":{"line":612,"column":64},"end":{"line":612,"column":66}}]},"85":{"loc":{"start":{"line":617,"column":8},"end":{"line":622,"column":9}},"type":"if","locations":[{"start":{"line":617,"column":8},"end":{"line":622,"column":9}},{"start":{"line":620,"column":15},"end":{"line":622,"column":9}}]},"86":{"loc":{"start":{"line":619,"column":17},"end":{"line":619,"column":66}},"type":"cond-expr","locations":[{"start":{"line":619,"column":46},"end":{"line":619,"column":61}},{"start":{"line":619,"column":64},"end":{"line":619,"column":66}}]},"87":{"loc":{"start":{"line":624,"column":8},"end":{"line":629,"column":9}},"type":"if","locations":[{"start":{"line":624,"column":8},"end":{"line":629,"column":9}},{"start":{"line":627,"column":15},"end":{"line":629,"column":9}}]},"88":{"loc":{"start":{"line":626,"column":17},"end":{"line":626,"column":66}},"type":"cond-expr","locations":[{"start":{"line":626,"column":46},"end":{"line":626,"column":61}},{"start":{"line":626,"column":64},"end":{"line":626,"column":66}}]},"89":{"loc":{"start":{"line":631,"column":8},"end":{"line":636,"column":9}},"type":"if","locations":[{"start":{"line":631,"column":8},"end":{"line":636,"column":9}},{"start":{"line":634,"column":15},"end":{"line":636,"column":9}}]},"90":{"loc":{"start":{"line":633,"column":17},"end":{"line":633,"column":66}},"type":"cond-expr","locations":[{"start":{"line":633,"column":46},"end":{"line":633,"column":61}},{"start":{"line":633,"column":64},"end":{"line":633,"column":66}}]},"91":{"loc":{"start":{"line":638,"column":8},"end":{"line":643,"column":9}},"type":"if","locations":[{"start":{"line":638,"column":8},"end":{"line":643,"column":9}},{"start":{"line":641,"column":15},"end":{"line":643,"column":9}}]},"92":{"loc":{"start":{"line":645,"column":8},"end":{"line":665,"column":9}},"type":"if","locations":[{"start":{"line":645,"column":8},"end":{"line":665,"column":9}},{"start":{"line":663,"column":15},"end":{"line":665,"column":9}}]},"93":{"loc":{"start":{"line":646,"column":10},"end":{"line":661,"column":11}},"type":"if","locations":[{"start":{"line":646,"column":10},"end":{"line":661,"column":11}},{"start":{"line":653,"column":17},"end":{"line":661,"column":11}}]},"94":{"loc":{"start":{"line":653,"column":17},"end":{"line":661,"column":11}},"type":"if","locations":[{"start":{"line":653,"column":17},"end":{"line":661,"column":11}},{"start":{"line":657,"column":17},"end":{"line":661,"column":11}}]},"95":{"loc":{"start":{"line":667,"column":8},"end":{"line":701,"column":9}},"type":"if","locations":[{"start":{"line":667,"column":8},"end":{"line":701,"column":9}},{"start":{"line":699,"column":15},"end":{"line":701,"column":9}}]},"96":{"loc":{"start":{"line":668,"column":10},"end":{"line":672,"column":11}},"type":"if","locations":[{"start":{"line":668,"column":10},"end":{"line":672,"column":11}}]},"97":{"loc":{"start":{"line":673,"column":10},"end":{"line":677,"column":11}},"type":"if","locations":[{"start":{"line":673,"column":10},"end":{"line":677,"column":11}}]},"98":{"loc":{"start":{"line":678,"column":10},"end":{"line":697,"column":11}},"type":"if","locations":[{"start":{"line":678,"column":10},"end":{"line":697,"column":11}}]},"99":{"loc":{"start":{"line":679,"column":12},"end":{"line":683,"column":30}},"type":"binary-expr","locations":[{"start":{"line":679,"column":12},"end":{"line":680,"column":23}},{"start":{"line":681,"column":12},"end":{"line":683,"column":30}}]},"100":{"loc":{"start":{"line":685,"column":12},"end":{"line":696,"column":13}},"type":"if","locations":[{"start":{"line":685,"column":12},"end":{"line":696,"column":13}}]},"101":{"loc":{"start":{"line":703,"column":8},"end":{"line":711,"column":9}},"type":"if","locations":[{"start":{"line":703,"column":8},"end":{"line":711,"column":9}},{"start":{"line":709,"column":15},"end":{"line":711,"column":9}}]},"102":{"loc":{"start":{"line":714,"column":8},"end":{"line":740,"column":9}},"type":"if","locations":[{"start":{"line":714,"column":8},"end":{"line":740,"column":9}},{"start":{"line":738,"column":15},"end":{"line":740,"column":9}}]},"103":{"loc":{"start":{"line":715,"column":10},"end":{"line":719,"column":11}},"type":"if","locations":[{"start":{"line":715,"column":10},"end":{"line":719,"column":11}}]},"104":{"loc":{"start":{"line":720,"column":10},"end":{"line":724,"column":11}},"type":"if","locations":[{"start":{"line":720,"column":10},"end":{"line":724,"column":11}}]},"105":{"loc":{"start":{"line":725,"column":10},"end":{"line":736,"column":11}},"type":"if","locations":[{"start":{"line":725,"column":10},"end":{"line":736,"column":11}}]},"106":{"loc":{"start":{"line":726,"column":12},"end":{"line":730,"column":30}},"type":"binary-expr","locations":[{"start":{"line":726,"column":12},"end":{"line":727,"column":23}},{"start":{"line":728,"column":12},"end":{"line":730,"column":30}}]},"107":{"loc":{"start":{"line":742,"column":8},"end":{"line":754,"column":9}},"type":"if","locations":[{"start":{"line":742,"column":8},"end":{"line":754,"column":9}},{"start":{"line":752,"column":15},"end":{"line":754,"column":9}}]},"108":{"loc":{"start":{"line":756,"column":8},"end":{"line":771,"column":9}},"type":"if","locations":[{"start":{"line":756,"column":8},"end":{"line":771,"column":9}},{"start":{"line":769,"column":15},"end":{"line":771,"column":9}}]},"109":{"loc":{"start":{"line":773,"column":8},"end":{"line":783,"column":9}},"type":"if","locations":[{"start":{"line":773,"column":8},"end":{"line":783,"column":9}},{"start":{"line":781,"column":15},"end":{"line":783,"column":9}}]},"110":{"loc":{"start":{"line":785,"column":8},"end":{"line":795,"column":9}},"type":"if","locations":[{"start":{"line":785,"column":8},"end":{"line":795,"column":9}},{"start":{"line":793,"column":15},"end":{"line":795,"column":9}}]},"111":{"loc":{"start":{"line":792,"column":26},"end":{"line":792,"column":53}},"type":"cond-expr","locations":[{"start":{"line":792,"column":43},"end":{"line":792,"column":45}},{"start":{"line":792,"column":48},"end":{"line":792,"column":53}}]},"112":{"loc":{"start":{"line":797,"column":8},"end":{"line":811,"column":9}},"type":"if","locations":[{"start":{"line":797,"column":8},"end":{"line":811,"column":9}},{"start":{"line":809,"column":15},"end":{"line":811,"column":9}}]},"113":{"loc":{"start":{"line":813,"column":8},"end":{"line":827,"column":9}},"type":"if","locations":[{"start":{"line":813,"column":8},"end":{"line":827,"column":9}},{"start":{"line":825,"column":15},"end":{"line":827,"column":9}}]},"114":{"loc":{"start":{"line":829,"column":8},"end":{"line":843,"column":9}},"type":"if","locations":[{"start":{"line":829,"column":8},"end":{"line":843,"column":9}},{"start":{"line":841,"column":15},"end":{"line":843,"column":9}}]},"115":{"loc":{"start":{"line":845,"column":8},"end":{"line":851,"column":9}},"type":"if","locations":[{"start":{"line":845,"column":8},"end":{"line":851,"column":9}},{"start":{"line":849,"column":15},"end":{"line":851,"column":9}}]},"116":{"loc":{"start":{"line":853,"column":8},"end":{"line":859,"column":9}},"type":"if","locations":[{"start":{"line":853,"column":8},"end":{"line":859,"column":9}},{"start":{"line":857,"column":15},"end":{"line":859,"column":9}}]},"117":{"loc":{"start":{"line":861,"column":8},"end":{"line":868,"column":9}},"type":"if","locations":[{"start":{"line":861,"column":8},"end":{"line":868,"column":9}},{"start":{"line":866,"column":15},"end":{"line":868,"column":9}}]},"118":{"loc":{"start":{"line":870,"column":8},"end":{"line":877,"column":9}},"type":"if","locations":[{"start":{"line":870,"column":8},"end":{"line":877,"column":9}},{"start":{"line":875,"column":15},"end":{"line":877,"column":9}}]},"119":{"loc":{"start":{"line":879,"column":8},"end":{"line":884,"column":9}},"type":"if","locations":[{"start":{"line":879,"column":8},"end":{"line":884,"column":9}},{"start":{"line":882,"column":15},"end":{"line":884,"column":9}}]}},"s":{"0":1,"1":1,"2":1,"3":8,"4":6,"5":2,"6":4,"7":3,"8":4,"9":12,"10":2,"11":10,"12":9,"13":6,"14":5,"15":1,"16":2,"17":2,"18":2,"19":6,"20":0,"21":6,"22":5,"23":6,"24":5,"25":1,"26":2,"27":2,"28":2,"29":7,"30":0,"31":7,"32":6,"33":106,"34":106,"35":106,"36":106,"37":2,"38":1,"39":1,"40":1,"41":2,"42":1,"43":1,"44":1,"45":2,"46":1,"47":1,"48":1,"49":2,"50":1,"51":1,"52":1,"53":2,"54":1,"55":1,"56":1,"57":2,"58":1,"59":1,"60":1,"61":2,"62":1,"63":1,"64":1,"65":2,"66":1,"67":1,"68":1,"69":2,"70":1,"71":1,"72":1,"73":2,"74":1,"75":1,"76":1,"77":3,"78":3,"79":1,"80":2,"81":1,"82":1,"83":3,"84":3,"85":1,"86":2,"87":1,"88":1,"89":2,"90":0,"91":2,"92":5,"93":4,"94":2,"95":2,"96":2,"97":2,"98":1,"99":1,"100":1,"101":1,"102":3,"103":1,"104":5,"105":4,"106":1,"107":3,"108":1,"109":2,"110":2,"111":1,"112":1,"113":1,"114":1,"115":1,"116":2,"117":1,"118":3,"119":2,"120":2,"121":1,"122":1,"123":1,"124":1,"125":2,"126":1,"127":1,"128":1,"129":1,"130":1,"131":1,"132":0,"133":1,"134":1,"135":1,"136":0,"137":1,"138":1,"139":1,"140":0,"141":4,"142":3,"143":1,"144":0,"145":1,"146":1,"147":2,"148":1,"149":1,"150":1,"151":1,"152":4,"153":3,"154":1,"155":2,"156":1,"157":1,"158":1,"159":1,"160":1,"161":1,"162":1,"163":2,"164":1,"165":1,"166":1,"167":2,"168":1,"169":0,"170":1,"171":0,"172":1,"173":1,"174":1,"175":3,"176":2,"177":2,"178":1,"179":1,"180":1,"181":1,"182":1,"183":1,"184":1,"185":0,"186":1,"187":1,"188":0,"189":2,"190":2,"191":2,"192":2,"193":4,"194":2,"195":1,"196":1,"197":1,"198":0,"199":2,"200":1,"201":1,"202":1,"203":1,"204":1,"205":1,"206":0,"207":1,"208":1,"209":1,"210":0,"211":2,"212":1,"213":1,"214":1,"215":1,"216":1,"217":1,"218":0,"219":1,"220":1,"221":1,"222":0,"223":1,"224":1,"225":1,"226":0,"227":2,"228":1,"229":1,"230":1,"231":4,"232":3,"233":1,"234":1,"235":1,"236":2,"237":1,"238":1,"239":1,"240":1,"241":4,"242":3,"243":1,"244":2,"245":1,"246":1,"247":1,"248":1,"249":1,"250":1,"251":1,"252":1,"253":1,"254":2,"255":1,"256":1,"257":1,"258":4,"259":3,"260":1,"261":2,"262":1,"263":1,"264":1,"265":1,"266":1,"267":1,"268":2,"269":1,"270":1,"271":1,"272":1,"273":1,"274":1,"275":0,"276":1,"277":0,"278":1,"279":1,"280":1,"281":0,"282":1,"283":0,"284":2,"285":2,"286":0,"287":2,"288":0,"289":1,"290":1,"291":1,"292":0,"293":1,"294":0,"295":1,"296":1,"297":1,"298":0,"299":1,"300":0,"301":1,"302":1,"303":1,"304":0,"305":1,"306":0,"307":1,"308":1,"309":1,"310":1,"311":0,"312":2,"313":1,"314":1,"315":1,"316":1,"317":1,"318":1,"319":1,"320":1,"321":0,"322":1,"323":1,"324":1,"325":1,"326":0,"327":2,"328":1,"329":1,"330":1,"331":1},"f":{"0":8,"1":4,"2":4,"3":12,"4":6,"5":2,"6":2,"7":6,"8":6,"9":2,"10":2,"11":7,"12":106,"13":0,"14":0,"15":0,"16":4,"17":0,"18":0,"19":0,"20":0,"21":0,"22":0},"b":{"0":[6],"1":[3],"2":[2,10],"3":[12,3],"4":[9],"5":[5],"6":[2],"7":[0,6],"8":[6,1],"9":[5],"10":[5],"11":[2],"12":[0,7],"13":[7,1],"14":[6],"15":[2,2,2,2,2,2,2,2,2,2,3,3,2,5,5,3,2,1,1,1,4,4,2,2,3,1,2,2,1,1,2,1,1,1,2,4,4,2,4,2,1,1,2,1,1,1,1,2,1,1,2,1],"16":[1,1],"17":[1,1],"18":[1,1],"19":[1,1],"20":[1,1],"21":[1,1],"22":[1,1],"23":[1,1],"24":[1,1],"25":[1,1],"26":[1,2],"27":[1,1],"28":[2,2],"29":[1,2],"30":[1,1],"31":[2,2],"32":[1,1],"33":[4,1],"34":[2,2],"35":[1,1],"36":[2,1],"37":[4,1],"38":[1],"39":[1],"40":[2],"41":[2,2],"42":[1,1],"43":[2,0],"44":[2,1],"45":[1,1],"46":[2,2],"47":[1],"48":[1,1],"49":[1,0],"50":[1,0],"51":[1,0],"52":[1,0],"53":[1,0],"54":[1,0],"55":[1,0],"56":[3,1],"57":[1,2],"58":[1,1],"59":[1,0],"60":[3,1],"61":[1],"62":[1],"63":[1],"64":[1,1],"65":[1],"66":[1,0],"67":[1,1],"68":[1,1],"69":[0,1],"70":[1],"71":[2,1],"72":[1,1],"73":[1],"74":[1,0],"75":[0,1],"76":[1],"77":[2,0],"78":[1,1],"79":[1],"80":[1,1],"81":[1,0],"82":[1,0],"83":[1,1],"84":[1,0],"85":[1,0],"86":[1,0],"87":[1,0],"88":[0,1],"89":[1,0],"90":[0,1],"91":[1,1],"92":[3,1],"93":[1,2],"94":[1,1],"95":[3,1],"96":[1],"97":[1],"98":[1],"99":[1,1],"100":[1],"101":[1,1],"102":[3,1],"103":[1],"104":[1],"105":[1],"106":[1,1],"107":[1,1],"108":[1,0],"109":[1,0],"110":[2,0],"111":[1,1],"112":[1,0],"113":[1,0],"114":[1,0],"115":[1,0],"116":[1,1],"117":[1,0],"118":[1,0],"119":[1,1]}}
,"/home/philip/Dokumente/Projects/eufy-security-ws/src/lib/driver/state.ts": {"path":"/home/philip/Dokumente/Projects/eufy-security-ws/src/lib/driver/state.ts","statementMap":{"0":{"start":{"line":18,"column":26},"end":{"line":37,"column":1}},"1":{"start":{"line":22,"column":44},"end":{"line":26,"column":4}},"2":{"start":{"line":28,"column":2},"end":{"line":30,"column":3}},"3":{"start":{"line":29,"column":4},"end":{"line":29,"column":38}},"4":{"start":{"line":33,"column":18},"end":{"line":33,"column":44}},"5":{"start":{"line":34,"column":2},"end":{"line":34,"column":51}},"6":{"start":{"line":36,"column":2},"end":{"line":36,"column":17}}},"fnMap":{"0":{"name":"(anonymous_0)","decl":{"start":{"line":18,"column":26},"end":{"line":18,"column":null}},"loc":{"start":{"line":21,"column":17},"end":{"line":37,"column":1}}}},"branchMap":{"0":{"loc":{"start":{"line":28,"column":2},"end":{"line":30,"column":3}},"type":"if","locations":[{"start":{"line":28,"column":2},"end":{"line":30,"column":3}}]}},"s":{"0":1,"1":20,"2":20,"3":10,"4":10,"5":10,"6":10},"f":{"0":20},"b":{"0":[10]}}
,"/home/philip/Dokumente/Projects/eufy-security-ws/src/lib/station/properties.ts": {"path":"/home/philip/Dokumente/Projects/eufy-security-ws/src/lib/station/properties.ts","statementMap":{"0":{"start":{"line":66,"column":37},"end":{"line":202,"column":1}},"1":{"start":{"line":70,"column":41},"end":{"line":147,"column":4}},"2":{"start":{"line":149,"column":2},"end":{"line":151,"column":3}},"3":{"start":{"line":150,"column":4},"end":{"line":150,"column":16}},"4":{"start":{"line":153,"column":29},"end":{"line":153,"column":61}},"5":{"start":{"line":154,"column":2},"end":{"line":156,"column":15}},"6":{"start":{"line":157,"column":2},"end":{"line":159,"column":14}},"7":{"start":{"line":160,"column":2},"end":{"line":162,"column":15}},"8":{"start":{"line":163,"column":2},"end":{"line":165,"column":14}},"9":{"start":{"line":166,"column":2},"end":{"line":168,"column":14}},"10":{"start":{"line":169,"column":2},"end":{"line":171,"column":14}},"11":{"start":{"line":173,"column":2},"end":{"line":175,"column":3}},"12":{"start":{"line":174,"column":4},"end":{"line":174,"column":30}},"13":{"start":{"line":178,"column":29},"end":{"line":178,"column":61}},"14":{"start":{"line":179,"column":2},"end":{"line":181,"column":14}},"15":{"start":{"line":182,"column":2},"end":{"line":184,"column":14}},"16":{"start":{"line":185,"column":2},"end":{"line":187,"column":15}},"17":{"start":{"line":188,"column":2},"end":{"line":190,"column":14}},"18":{"start":{"line":191,"column":2},"end":{"line":193,"column":15}},"19":{"start":{"line":194,"column":2},"end":{"line":196,"column":14}},"20":{"start":{"line":197,"column":2},"end":{"line":199,"column":14}},"21":{"start":{"line":201,"column":2},"end":{"line":201,"column":28}},"22":{"start":{"line":204,"column":45},"end":{"line":280,"column":1}},"23":{"start":{"line":208,"column":19},"end":{"line":208,"column":54}},"24":{"start":{"line":209,"column":34},"end":{"line":248,"column":4}},"25":{"start":{"line":250,"column":2},"end":{"line":252,"column":3}},"26":{"start":{"line":251,"column":4},"end":{"line":251,"column":18}},"27":{"start":{"line":254,"column":2},"end":{"line":254,"column":56}},"28":{"start":{"line":255,"column":2},"end":{"line":255,"column":64}},"29":{"start":{"line":256,"column":2},"end":{"line":256,"column":66}},"30":{"start":{"line":257,"column":2},"end":{"line":257,"column":72}},"31":{"start":{"line":258,"column":2},"end":{"line":258,"column":66}},"32":{"start":{"line":259,"column":2},"end":{"line":259,"column":74}},"33":{"start":{"line":261,"column":2},"end":{"line":263,"column":3}},"34":{"start":{"line":262,"column":4},"end":{"line":262,"column":18}},"35":{"start":{"line":266,"column":2},"end":{"line":266,"column":76}},"36":{"start":{"line":267,"column":2},"end":{"line":267,"column":74}},"37":{"start":{"line":268,"column":2},"end":{"line":269,"column":54}},"38":{"start":{"line":270,"column":2},"end":{"line":271,"column":57}},"39":{"start":{"line":272,"column":2},"end":{"line":273,"column":53}},"40":{"start":{"line":274,"column":2},"end":{"line":275,"column":58}},"41":{"start":{"line":276,"column":2},"end":{"line":277,"column":57}},"42":{"start":{"line":279,"column":2},"end":{"line":279,"column":16}}},"fnMap":{"0":{"name":"(anonymous_0)","decl":{"start":{"line":66,"column":37},"end":{"line":66,"column":null}},"loc":{"start":{"line":69,"column":23},"end":{"line":202,"column":1}}},"1":{"name":"(anonymous_1)","decl":{"start":{"line":204,"column":45},"end":{"line":204,"column":null}},"loc":{"start":{"line":207,"column":21},"end":{"line":280,"column":1}}}},"branchMap":{"0":{"loc":{"start":{"line":149,"column":2},"end":{"line":151,"column":3}},"type":"if","locations":[{"start":{"line":149,"column":2},"end":{"line":151,"column":3}}]},"1":{"loc":{"start":{"line":173,"column":2},"end":{"line":175,"column":3}},"type":"if","locations":[{"start":{"line":173,"column":2},"end":{"line":175,"column":3}}]},"2":{"loc":{"start":{"line":250,"column":2},"end":{"line":252,"column":3}},"type":"if","locations":[{"start":{"line":250,"column":2},"end":{"line":252,"column":3}}]},"3":{"loc":{"start":{"line":261,"column":2},"end":{"line":263,"column":3}},"type":"if","locations":[{"start":{"line":261,"column":2},"end":{"line":263,"column":3}}]}},"s":{"0":1,"1":23,"2":23,"3":11,"4":12,"5":12,"6":12,"7":12,"8":12,"9":12,"10":12,"11":12,"12":6,"13":6,"14":6,"15":6,"16":6,"17":6,"18":6,"19":6,"20":6,"21":6,"22":1,"23":18,"24":18,"25":18,"26":8,"27":10,"28":10,"29":10,"30":10,"31":10,"32":10,"33":10,"34":6,"35":4,"36":4,"37":4,"38":4,"39":4,"40":4,"41":4,"42":4},"f":{"0":23,"1":18},"b":{"0":[11],"1":[6],"2":[8],"3":[6]}}
,"/home/philip/Dokumente/Projects/eufy-security-ws/src/lib/station/state.ts": {"path":"/home/philip/Dokumente/Projects/eufy-security-ws/src/lib/station/state.ts","statementMap":{"0":{"start":{"line":55,"column":27},"end":{"line":139,"column":1}},"1":{"start":{"line":59,"column":45},"end":{"line":82,"column":4}},"2":{"start":{"line":84,"column":2},"end":{"line":86,"column":3}},"3":{"start":{"line":85,"column":4},"end":{"line":85,"column":39}},"4":{"start":{"line":88,"column":19},"end":{"line":88,"column":46}},"5":{"start":{"line":89,"column":2},"end":{"line":89,"column":72}},"6":{"start":{"line":90,"column":2},"end":{"line":92,"column":3}},"7":{"start":{"line":91,"column":4},"end":{"line":91,"column":20}},"8":{"start":{"line":94,"column":19},"end":{"line":94,"column":50}},"9":{"start":{"line":95,"column":2},"end":{"line":97,"column":14}},"10":{"start":{"line":98,"column":2},"end":{"line":100,"column":14}},"11":{"start":{"line":101,"column":2},"end":{"line":103,"column":14}},"12":{"start":{"line":104,"column":2},"end":{"line":106,"column":14}},"13":{"start":{"line":107,"column":2},"end":{"line":109,"column":15}},"14":{"start":{"line":110,"column":2},"end":{"line":112,"column":15}},"15":{"start":{"line":113,"column":2},"end":{"line":115,"column":15}},"16":{"start":{"line":116,"column":2},"end":{"line":118,"column":15}},"17":{"start":{"line":119,"column":2},"end":{"line":121,"column":15}},"18":{"start":{"line":122,"column":2},"end":{"line":124,"column":3}},"19":{"start":{"line":123,"column":4},"end":{"line":123,"column":20}},"20":{"start":{"line":127,"column":19},"end":{"line":127,"column":50}},"21":{"start":{"line":128,"column":2},"end":{"line":130,"column":15}},"22":{"start":{"line":131,"column":2},"end":{"line":133,"column":15}},"23":{"start":{"line":134,"column":2},"end":{"line":136,"column":15}},"24":{"start":{"line":138,"column":2},"end":{"line":138,"column":18}}},"fnMap":{"0":{"name":"(anonymous_0)","decl":{"start":{"line":55,"column":27},"end":{"line":55,"column":null}},"loc":{"start":{"line":58,"column":18},"end":{"line":139,"column":1}}}},"branchMap":{"0":{"loc":{"start":{"line":84,"column":2},"end":{"line":86,"column":3}},"type":"if","locations":[{"start":{"line":84,"column":2},"end":{"line":86,"column":3}}]},"1":{"loc":{"start":{"line":90,"column":2},"end":{"line":92,"column":3}},"type":"if","locations":[{"start":{"line":90,"column":2},"end":{"line":92,"column":3}}]},"2":{"loc":{"start":{"line":122,"column":2},"end":{"line":124,"column":3}},"type":"if","locations":[{"start":{"line":122,"column":2},"end":{"line":124,"column":3}}]}},"s":{"0":1,"1":21,"2":21,"3":5,"4":16,"5":16,"6":16,"7":4,"8":12,"9":12,"10":12,"11":12,"12":12,"13":12,"14":12,"15":12,"16":12,"17":12,"18":12,"19":4,"20":8,"21":8,"22":8,"23":8,"24":8},"f":{"0":21},"b":{"0":[5],"1":[4],"2":[4]}}
}
