TN:
SF:src/lib/error.ts
FN:1,(anonymous_0)
FN:38,(anonymous_1)
FN:46,(anonymous_2)
FN:54,(anonymous_3)
FN:60,(anonymous_4)
FN:68,(anonymous_5)
FN:76,(anonymous_6)
FN:84,(anonymous_7)
FN:92,(anonymous_8)
FN:100,(anonymous_9)
FN:108,(anonymous_10)
FN:116,(anonymous_11)
FNF:12
FNH:10
FNDA:1,(anonymous_0)
FNDA:0,(anonymous_1)
FNDA:30,(anonymous_2)
FNDA:0,(anonymous_3)
FNDA:1,(anonymous_4)
FNDA:2,(anonymous_5)
FNDA:1,(anonymous_6)
FNDA:2,(anonymous_7)
FNDA:1,(anonymous_8)
FNDA:1,(anonymous_9)
FNDA:4,(anonymous_10)
FNDA:1,(anonymous_11)
DA:1,1
DA:2,1
DA:3,1
DA:4,1
DA:5,1
DA:6,1
DA:7,1
DA:8,1
DA:9,1
DA:10,1
DA:11,1
DA:12,1
DA:13,1
DA:14,1
DA:15,1
DA:16,1
DA:17,1
DA:18,1
DA:19,1
DA:20,1
DA:21,1
DA:22,1
DA:23,1
DA:24,1
DA:25,1
DA:26,1
DA:36,0
DA:38,0
DA:39,0
DA:44,30
DA:46,30
DA:47,30
DA:52,0
DA:54,0
DA:55,0
DA:61,1
DA:62,1
DA:63,1
DA:69,2
DA:70,2
DA:71,2
DA:77,1
DA:78,1
DA:79,1
DA:85,2
DA:86,2
DA:87,2
DA:93,1
DA:94,1
DA:95,1
DA:101,1
DA:102,1
DA:103,1
DA:109,4
DA:110,4
DA:111,4
DA:117,1
DA:118,1
DA:119,1
LF:59
LH:53
BRDA:1,0,0,1
BRDA:1,0,1,1
BRF:2
BRH:2
end_of_record
TN:
SF:src/lib/utils.ts
FN:4,(anonymous_0)
FN:6,(anonymous_1)
FN:12,(anonymous_2)
FN:17,(anonymous_3)
FN:20,(anonymous_4)
FN:25,(anonymous_5)
FN:34,(anonymous_6)
FN:43,(anonymous_7)
FNF:8
FNH:8
FNDA:14,(anonymous_0)
FNDA:18,(anonymous_1)
FNDA:8,(anonymous_2)
FNDA:8,(anonymous_3)
FNDA:4,(anonymous_4)
FNDA:2,(anonymous_5)
FNDA:3,(anonymous_6)
FNDA:1,(anonymous_7)
DA:4,2
DA:5,14
DA:7,18
DA:12,2
DA:17,8
DA:18,8
DA:20,8
DA:22,4
DA:23,4
DA:25,8
DA:26,2
DA:27,2
DA:29,8
DA:30,8
DA:32,8
DA:33,8
DA:34,3
DA:35,3
DA:36,3
DA:37,3
DA:43,2
DA:44,1
DA:45,1
DA:46,1
DA:47,1
DA:48,1
DA:49,1
DA:50,1
DA:51,1
DA:52,1
DA:53,1
DA:54,1
LF:32
LH:32
BRDA:5,0,0,13
BRDA:5,0,1,1
BRDA:7,1,0,6
BRDA:7,1,1,12
BRDA:32,2,0,0
BRDA:33,3,0,3
BRF:6
BRH:5
end_of_record
TN:
SF:src/lib/device/command.ts
FN:1,(anonymous_0)
FNF:1
FNH:1
FNDA:1,(anonymous_0)
DA:1,1
DA:2,1
DA:3,1
DA:4,1
DA:5,1
DA:6,1
DA:7,1
DA:8,1
DA:9,1
DA:10,1
DA:11,1
DA:12,1
DA:13,1
DA:14,1
DA:15,1
DA:16,1
DA:17,1
DA:18,1
DA:19,1
DA:20,1
DA:21,1
DA:22,1
DA:23,1
DA:24,1
DA:25,1
DA:26,1
DA:27,1
DA:28,1
DA:29,1
DA:30,1
DA:31,1
DA:32,1
DA:33,1
DA:34,1
DA:35,1
DA:36,1
DA:37,1
DA:38,1
DA:39,1
DA:40,1
DA:41,1
DA:42,1
DA:45,1
DA:46,1
DA:47,1
DA:48,1
DA:49,1
DA:50,1
DA:51,1
DA:52,1
DA:53,1
DA:54,1
LF:52
LH:52
BRDA:1,0,0,1
BRDA:1,0,1,1
BRF:2
BRH:2
end_of_record
TN:
SF:src/lib/device/event.ts
FN:10,(anonymous_0)
FNF:1
FNH:1
FNDA:1,(anonymous_0)
DA:10,1
DA:11,1
DA:12,1
DA:13,1
DA:14,1
DA:15,1
DA:16,1
DA:17,1
DA:18,1
DA:19,1
DA:20,1
DA:21,1
DA:22,1
DA:23,1
DA:24,1
DA:25,1
DA:26,1
DA:27,1
DA:28,1
DA:29,1
DA:30,1
DA:31,1
DA:32,1
DA:33,1
DA:34,1
DA:35,1
DA:36,1
DA:37,1
DA:38,1
DA:39,1
DA:40,1
DA:41,1
DA:42,1
DA:43,1
DA:44,1
DA:45,1
DA:46,1
DA:47,1
DA:48,1
DA:49,1
DA:50,1
DA:51,1
DA:52,1
DA:53,1
DA:54,1
DA:55,1
DA:56,1
DA:57,1
DA:58,1
DA:59,1
DA:60,1
DA:61,1
DA:62,1
DA:63,1
DA:64,1
DA:65,1
LF:56
LH:56
BRDA:10,0,0,1
BRDA:10,0,1,1
BRF:2
BRH:2
end_of_record
TN:
SF:src/lib/device/message_handler.ts
FN:65,(anonymous_0)
FN:71,(anonymous_1)
FN:75,(anonymous_2)
FN:79,(anonymous_3)
FN:89,(anonymous_4)
FN:95,(anonymous_5)
FN:99,(anonymous_6)
FN:103,(anonymous_7)
FN:113,(anonymous_8)
FN:119,(anonymous_9)
FN:123,(anonymous_10)
FN:127,(anonymous_11)
FN:137,(anonymous_12)
FN:295,(anonymous_13)
FN:436,(anonymous_14)
FN:507,(anonymous_15)
FN:566,(anonymous_16)
FN:765,(anonymous_17)
FN:777,(anonymous_18)
FN:789,(anonymous_19)
FN:805,(anonymous_20)
FN:821,(anonymous_21)
FN:837,(anonymous_22)
FNF:23
FNH:14
FNDA:8,(anonymous_0)
FNDA:4,(anonymous_1)
FNDA:4,(anonymous_2)
FNDA:12,(anonymous_3)
FNDA:6,(anonymous_4)
FNDA:2,(anonymous_5)
FNDA:2,(anonymous_6)
FNDA:6,(anonymous_7)
FNDA:6,(anonymous_8)
FNDA:2,(anonymous_9)
FNDA:2,(anonymous_10)
FNDA:7,(anonymous_11)
FNDA:106,(anonymous_12)
FNDA:0,(anonymous_13)
FNDA:0,(anonymous_14)
FNDA:0,(anonymous_15)
FNDA:4,(anonymous_16)
FNDA:0,(anonymous_17)
FNDA:0,(anonymous_18)
FNDA:0,(anonymous_19)
FNDA:0,(anonymous_20)
FNDA:0,(anonymous_21)
FNDA:0,(anonymous_22)
DA:60,1
DA:61,1
DA:62,1
DA:66,8
DA:67,6
DA:68,2
DA:72,4
DA:73,3
DA:75,4
DA:80,12
DA:84,2
DA:85,10
DA:86,9
DA:90,6
DA:91,5
DA:92,1
DA:96,2
DA:97,2
DA:99,2
DA:104,6
DA:108,0
DA:109,6
DA:110,5
DA:114,6
DA:115,5
DA:116,1
DA:120,2
DA:121,2
DA:123,2
DA:128,7
DA:132,0
DA:133,7
DA:134,6
DA:142,106
DA:144,106
DA:145,106
DA:147,106
DA:149,2
DA:150,1
DA:154,1
DA:156,1
DA:159,2
DA:160,1
DA:164,1
DA:166,1
DA:169,2
DA:170,1
DA:174,1
DA:176,1
DA:179,2
DA:180,1
DA:184,1
DA:186,1
DA:189,2
DA:190,1
DA:194,1
DA:196,1
DA:199,2
DA:200,1
DA:204,1
DA:206,1
DA:209,2
DA:210,1
DA:214,1
DA:216,1
DA:219,2
DA:220,1
DA:224,1
DA:226,1
DA:229,2
DA:230,1
DA:234,1
DA:236,1
DA:239,2
DA:240,1
DA:244,1
DA:246,1
DA:249,3
DA:251,3
DA:252,1
DA:253,2
DA:254,1
DA:259,1
DA:269,3
DA:271,3
DA:272,1
DA:273,2
DA:274,1
DA:279,1
DA:289,2
DA:296,0
DA:298,2
DA:300,5
DA:301,4
DA:302,2
DA:303,2
DA:304,2
DA:308,2
DA:310,1
DA:315,1
DA:316,1
DA:321,1
DA:325,3
DA:327,1
DA:330,5
DA:331,4
DA:332,1
DA:336,3
DA:337,1
DA:341,2
DA:348,2
DA:352,1
DA:356,1
DA:358,1
DA:359,1
DA:363,1
DA:370,2
DA:372,1
DA:375,3
DA:376,2
DA:378,2
DA:379,1
DA:380,1
DA:381,1
DA:387,1
DA:391,2
DA:392,1
DA:396,1
DA:398,1
DA:401,1
DA:402,1
DA:403,1
DA:405,0
DA:408,1
DA:409,1
DA:413,1
DA:415,0
DA:418,1
DA:419,1
DA:423,1
DA:425,0
DA:428,4
DA:429,3
DA:430,1
DA:437,0
DA:439,1
DA:440,1
DA:444,2
DA:445,1
DA:449,1
DA:453,1
DA:455,1
DA:458,4
DA:459,3
DA:460,1
DA:464,2
DA:465,1
DA:469,1
DA:476,1
DA:480,1
DA:484,1
DA:487,1
DA:489,1
DA:492,2
DA:493,1
DA:494,1
DA:499,1
DA:503,2
DA:504,1
DA:508,0
DA:511,1
DA:512,0
DA:516,1
DA:517,1
DA:523,1
DA:526,3
DA:527,2
DA:531,2
DA:532,1
DA:533,1
DA:534,1
DA:540,1
DA:544,1
DA:545,1
DA:549,1
DA:550,0
DA:551,1
DA:552,1
DA:558,0
DA:562,2
DA:563,2
DA:565,2
DA:566,2
DA:567,4
DA:572,2
DA:573,1
DA:574,1
DA:575,1
DA:581,0
DA:585,2
DA:586,1
DA:587,1
DA:589,1
DA:592,1
DA:593,1
DA:594,1
DA:596,0
DA:599,1
DA:600,1
DA:601,1
DA:606,0
DA:610,2
DA:611,1
DA:612,1
DA:614,1
DA:617,1
DA:618,1
DA:619,1
DA:621,0
DA:624,1
DA:625,1
DA:626,1
DA:628,0
DA:631,1
DA:632,1
DA:633,1
DA:635,0
DA:638,2
DA:639,1
DA:640,1
DA:642,1
DA:645,4
DA:646,3
DA:647,1
DA:648,1
DA:649,1
DA:653,2
DA:654,1
DA:658,1
DA:662,1
DA:664,1
DA:667,4
DA:668,3
DA:669,1
DA:673,2
DA:674,1
DA:678,1
DA:685,1
DA:689,1
DA:690,1
DA:691,1
DA:695,1
DA:698,1
DA:700,1
DA:703,2
DA:704,1
DA:705,1
DA:710,1
DA:714,4
DA:715,3
DA:716,1
DA:720,2
DA:721,1
DA:725,1
DA:732,1
DA:735,1
DA:737,1
DA:739,1
DA:742,2
DA:743,1
DA:751,1
DA:753,1
DA:756,1
DA:757,1
DA:758,1
DA:766,0
DA:768,1
DA:770,0
DA:773,1
DA:774,1
DA:775,1
DA:778,0
DA:780,1
DA:782,0
DA:785,2
DA:786,2
DA:790,0
DA:792,2
DA:794,0
DA:797,1
DA:798,1
DA:799,1
DA:806,0
DA:808,1
DA:810,0
DA:813,1
DA:814,1
DA:815,1
DA:822,0
DA:824,1
DA:826,0
DA:829,1
DA:830,1
DA:831,1
DA:838,0
DA:840,1
DA:842,0
DA:845,1
DA:846,1
DA:847,1
DA:848,1
DA:850,0
DA:853,2
DA:854,1
DA:855,1
DA:856,1
DA:858,1
DA:861,1
DA:863,1
DA:864,1
DA:865,1
DA:867,0
DA:870,1
DA:872,1
DA:873,1
DA:874,1
DA:876,0
DA:879,2
DA:880,1
DA:881,1
DA:883,1
DA:886,1
LF:332
LH:300
BRDA:66,0,0,6
BRDA:72,1,0,3
BRDA:80,2,0,2
BRDA:80,2,1,10
BRDA:81,3,0,12
BRDA:81,3,1,3
BRDA:85,4,0,9
BRDA:90,5,0,5
BRDA:96,6,0,2
BRDA:104,7,0,0
BRDA:104,7,1,6
BRDA:105,8,0,6
BRDA:105,8,1,1
BRDA:109,9,0,5
BRDA:114,10,0,5
BRDA:120,11,0,2
BRDA:128,12,0,0
BRDA:128,12,1,7
BRDA:129,13,0,7
BRDA:129,13,1,1
BRDA:133,14,0,6
BRDA:147,15,0,2
BRDA:147,15,1,2
BRDA:147,15,2,2
BRDA:147,15,3,2
BRDA:147,15,4,2
BRDA:147,15,5,2
BRDA:147,15,6,2
BRDA:147,15,7,2
BRDA:147,15,8,2
BRDA:147,15,9,2
BRDA:147,15,10,3
BRDA:147,15,11,3
BRDA:147,15,12,2
BRDA:147,15,13,5
BRDA:147,15,14,5
BRDA:147,15,15,3
BRDA:147,15,16,2
BRDA:147,15,17,1
BRDA:147,15,18,1
BRDA:147,15,19,1
BRDA:147,15,20,4
BRDA:147,15,21,4
BRDA:147,15,22,2
BRDA:147,15,23,2
BRDA:147,15,24,3
BRDA:147,15,25,1
BRDA:147,15,26,2
BRDA:147,15,27,2
BRDA:147,15,28,1
BRDA:147,15,29,1
BRDA:147,15,30,2
BRDA:147,15,31,1
BRDA:147,15,32,1
BRDA:147,15,33,1
BRDA:147,15,34,2
BRDA:147,15,35,4
BRDA:147,15,36,4
BRDA:147,15,37,2
BRDA:147,15,38,4
BRDA:147,15,39,2
BRDA:147,15,40,1
BRDA:147,15,41,1
BRDA:147,15,42,2
BRDA:147,15,43,1
BRDA:147,15,44,1
BRDA:147,15,45,1
BRDA:147,15,46,1
BRDA:147,15,47,2
BRDA:147,15,48,1
BRDA:147,15,49,1
BRDA:147,15,50,2
BRDA:147,15,51,1
BRDA:149,16,0,1
BRDA:149,16,1,1
BRDA:159,17,0,1
BRDA:159,17,1,1
BRDA:169,18,0,1
BRDA:169,18,1,1
BRDA:179,19,0,1
BRDA:179,19,1,1
BRDA:189,20,0,1
BRDA:189,20,1,1
BRDA:199,21,0,1
BRDA:199,21,1,1
BRDA:209,22,0,1
BRDA:209,22,1,1
BRDA:219,23,0,1
BRDA:219,23,1,1
BRDA:229,24,0,1
BRDA:229,24,1,1
BRDA:239,25,0,1
BRDA:239,25,1,1
BRDA:251,26,0,1
BRDA:251,26,1,2
BRDA:253,27,0,1
BRDA:253,27,1,1
BRDA:253,28,0,2
BRDA:253,28,1,2
BRDA:271,29,0,1
BRDA:271,29,1,2
BRDA:273,30,0,1
BRDA:273,30,1,1
BRDA:273,31,0,2
BRDA:273,31,1,2
BRDA:298,32,0,1
BRDA:298,32,1,1
BRDA:300,33,0,4
BRDA:300,33,1,1
BRDA:301,34,0,2
BRDA:301,34,1,2
BRDA:308,35,0,1
BRDA:308,35,1,1
BRDA:325,36,0,2
BRDA:325,36,1,1
BRDA:330,37,0,4
BRDA:330,37,1,1
BRDA:331,38,0,1
BRDA:336,39,0,1
BRDA:341,40,0,2
BRDA:342,41,0,2
BRDA:342,41,1,2
BRDA:348,42,0,1
BRDA:348,42,1,1
BRDA:370,43,0,2
BRDA:370,43,1,0
BRDA:375,44,0,2
BRDA:375,44,1,1
BRDA:378,45,0,1
BRDA:378,45,1,1
BRDA:378,46,0,2
BRDA:378,46,1,2
BRDA:380,47,0,1
BRDA:391,48,0,1
BRDA:391,48,1,1
BRDA:396,49,0,1
BRDA:396,49,1,0
BRDA:401,50,0,1
BRDA:401,50,1,0
BRDA:403,51,0,1
BRDA:403,51,1,0
BRDA:408,52,0,1
BRDA:408,52,1,0
BRDA:413,53,0,1
BRDA:413,53,1,0
BRDA:418,54,0,1
BRDA:418,54,1,0
BRDA:423,55,0,1
BRDA:423,55,1,0
BRDA:428,56,0,3
BRDA:428,56,1,1
BRDA:429,57,0,1
BRDA:429,57,1,2
BRDA:444,58,0,1
BRDA:444,58,1,1
BRDA:453,59,0,1
BRDA:453,59,1,0
BRDA:458,60,0,3
BRDA:458,60,1,1
BRDA:459,61,0,1
BRDA:464,62,0,1
BRDA:469,63,0,1
BRDA:470,64,0,1
BRDA:470,64,1,1
BRDA:476,65,0,1
BRDA:487,66,0,1
BRDA:487,66,1,0
BRDA:492,67,0,1
BRDA:492,67,1,1
BRDA:503,68,0,1
BRDA:503,68,1,1
BRDA:511,69,0,0
BRDA:511,69,1,1
BRDA:516,70,0,1
BRDA:526,71,0,2
BRDA:526,71,1,1
BRDA:531,72,0,1
BRDA:531,72,1,1
BRDA:533,73,0,1
BRDA:544,74,0,1
BRDA:544,74,1,0
BRDA:549,75,0,0
BRDA:549,75,1,1
BRDA:551,76,0,1
BRDA:562,77,0,2
BRDA:562,77,1,0
BRDA:572,78,0,1
BRDA:572,78,1,1
BRDA:574,79,0,1
BRDA:585,80,0,1
BRDA:585,80,1,1
BRDA:592,81,0,1
BRDA:592,81,1,0
BRDA:599,82,0,1
BRDA:599,82,1,0
BRDA:610,83,0,1
BRDA:610,83,1,1
BRDA:612,84,0,1
BRDA:612,84,1,0
BRDA:617,85,0,1
BRDA:617,85,1,0
BRDA:619,86,0,1
BRDA:619,86,1,0
BRDA:624,87,0,1
BRDA:624,87,1,0
BRDA:626,88,0,0
BRDA:626,88,1,1
BRDA:631,89,0,1
BRDA:631,89,1,0
BRDA:633,90,0,0
BRDA:633,90,1,1
BRDA:638,91,0,1
BRDA:638,91,1,1
BRDA:645,92,0,3
BRDA:645,92,1,1
BRDA:646,93,0,1
BRDA:646,93,1,2
BRDA:653,94,0,1
BRDA:653,94,1,1
BRDA:667,95,0,3
BRDA:667,95,1,1
BRDA:668,96,0,1
BRDA:673,97,0,1
BRDA:678,98,0,1
BRDA:679,99,0,1
BRDA:679,99,1,1
BRDA:685,100,0,1
BRDA:703,101,0,1
BRDA:703,101,1,1
BRDA:714,102,0,3
BRDA:714,102,1,1
BRDA:715,103,0,1
BRDA:720,104,0,1
BRDA:725,105,0,1
BRDA:726,106,0,1
BRDA:726,106,1,1
BRDA:742,107,0,1
BRDA:742,107,1,1
BRDA:756,108,0,1
BRDA:756,108,1,0
BRDA:773,109,0,1
BRDA:773,109,1,0
BRDA:785,110,0,2
BRDA:785,110,1,0
BRDA:792,111,0,1
BRDA:792,111,1,1
BRDA:797,112,0,1
BRDA:797,112,1,0
BRDA:813,113,0,1
BRDA:813,113,1,0
BRDA:829,114,0,1
BRDA:829,114,1,0
BRDA:845,115,0,1
BRDA:845,115,1,0
BRDA:853,116,0,1
BRDA:853,116,1,1
BRDA:861,117,0,1
BRDA:861,117,1,0
BRDA:870,118,0,1
BRDA:870,118,1,0
BRDA:879,119,0,1
BRDA:879,119,1,1
BRF:262
BRH:228
end_of_record
TN:
SF:src/lib/driver/state.ts
FN:18,(anonymous_0)
FNF:1
FNH:1
FNDA:20,(anonymous_0)
DA:18,1
DA:22,20
DA:28,20
DA:29,10
DA:33,10
DA:34,10
DA:36,10
LF:7
LH:7
BRDA:28,0,0,10
BRF:1
BRH:1
end_of_record
TN:
SF:src/lib/station/properties.ts
FN:66,(anonymous_0)
FN:204,(anonymous_1)
FNF:2
FNH:2
FNDA:23,(anonymous_0)
FNDA:18,(anonymous_1)
DA:66,1
DA:70,23
DA:149,23
DA:150,11
DA:153,12
DA:154,12
DA:157,12
DA:160,12
DA:163,12
DA:166,12
DA:169,12
DA:173,12
DA:174,6
DA:178,6
DA:179,6
DA:182,6
DA:185,6
DA:188,6
DA:191,6
DA:194,6
DA:197,6
DA:201,6
DA:204,1
DA:208,18
DA:209,18
DA:250,18
DA:251,8
DA:254,10
DA:255,10
DA:256,10
DA:257,10
DA:258,10
DA:259,10
DA:261,10
DA:262,6
DA:266,4
DA:267,4
DA:268,4
DA:270,4
DA:272,4
DA:274,4
DA:276,4
DA:279,4
LF:43
LH:43
BRDA:149,0,0,11
BRDA:173,1,0,6
BRDA:250,2,0,8
BRDA:261,3,0,6
BRF:4
BRH:4
end_of_record
TN:
SF:src/lib/station/state.ts
FN:55,(anonymous_0)
FNF:1
FNH:1
FNDA:21,(anonymous_0)
DA:55,1
DA:59,21
DA:84,21
DA:85,5
DA:88,16
DA:89,16
DA:90,16
DA:91,4
DA:94,12
DA:95,12
DA:98,12
DA:101,12
DA:104,12
DA:107,12
DA:110,12
DA:113,12
DA:116,12
DA:119,12
DA:122,12
DA:123,4
DA:127,8
DA:128,8
DA:131,8
DA:134,8
DA:138,8
LF:25
LH:25
BRDA:84,0,0,5
BRDA:90,1,0,4
BRDA:122,2,0,4
BRF:3
BRH:3
end_of_record
